[www.roblox.com/index.html]
[backblue.gif]
[fade.gif]
[index.html]
[images.rbxcdn.com/7c5fe83dffa97250aaddd54178900ea7.png]
[www.roblox.com/js/utilities/bundleVerifier44b4.js]
[css.rbxcdn.com/a37a0c2f7ace666c225ad7750883753e3eab0c4b586f5dc89853f85071230e00.css]
[css.rbxcdn.com/944c0c29b874f40bc983ce7754218170b4265e625e7351b1c6880694adb81556.css]
[css.rbxcdn.com/7fc67d38cfc34042bc251805f872ff5be8cb502859e943e5dda46fc3907375c6.css]
[css.rbxcdn.com/66b2fd496e668938e3b0e2d9a0c12f9f88c3a1a4974608f69059d8061fc0141f.css]
[css.rbxcdn.com/0cc9507b7c1ea65fd2cb7399782339c8eee577465af7a1bc41d15720f3472c55.css]
[css.rbxcdn.com/f77e16b9fa5823882aaa0cdabade9706b9ba2b7e050d23d2831da138a58e5f7f.css]
[css.rbxcdn.com/49fff8dad77e5262087267ee2e8fda1607525506c4a1ca20af60f9757684e980.css]
[css.rbxcdn.com/df9a376522ff4c39e6d789e6bcc3d4b2817bdac228020ee6fb4990807031f319.css]
[css.rbxcdn.com/f7426ffb19aeabf7440648f7fc7658fa8f823763664f8b667d9b45c8007e3d20.css]
[css.rbxcdn.com/03e27b1120e6fb785c663a524f2dcea1b65861504af3f6f1e903c5530125f834.css]
[css.rbxcdn.com/a92fe075864eaa29486b4a0f410ea9e1758f8aa146d01455d3aaad0c1717ec2f.css]
[www.roblox.com/de.html]
[www.roblox.com/es.html]
[www.roblox.com/fr.html]
[www.roblox.com/id.html]
[www.roblox.com/it.html]
[www.roblox.com/ja.html]
[www.roblox.com/ko.html]
[www.roblox.com/pl.html]
[www.roblox.com/pt.html]
[www.roblox.com/th.html]
[www.roblox.com/tr.html]
[www.roblox.com/vi.html]
[www.roblox.com/ar.html]
[css.rbxcdn.com/9efc74e20b0735025990b89e70c22857c647df5879703815d5d11b9ae6f6aaee.css]
[css.rbxcdn.com/978a01a00b451c0b6a5395b76d4d864b3b581b40bff1a9da1bab9b50fb24d979.css]
[css.rbxcdn.com/a7071be77b2f285d1b4e1b84ca4b1b146f5fcbeaaafb78a4150475a23b82aa8c.css]
[css.rbxcdn.com/bc981bafa6b0a52c86d071d1f81b24168a8dd92e72b8ac52d37cb46bf8bd8c42.css]
[css.rbxcdn.com/7dfc7837b5da6850e13413c630b37da7e88aeb610ca2c7d4e8b71b02cbdc6ba6.css]
[css.rbxcdn.com/3c4bd9b17b9020d9ebc87d4542a68a949a9de6150a55a92f0e65514520ee777e.css]
[css.rbxcdn.com/1b6cc6d0699561a61e37bae3b8fa07ac5698c5c41c8375ac4f907e189be90232.css]
[css.rbxcdn.com/3bca47a98d58fdf98a7063c4f3b390671e5326ed559813887f3945876c997da6.css]
[css.rbxcdn.com/c5373f0dced8d7be7bb3ad1b978fb8af776157fcc41ad3d5c92d725063c2e6e1.css]
[js.rbxcdn.com/07b0b1e19f4e1cb2591c0bfc6d3fc9a83f13de32a6b79882e87c1e012e392e52.js]
[js.rbxcdn.com/6f8bcfd33c17e884e38a8dcb89b5da42.js]
[js.rbxcdn.com/5c8a2ba3737908f693394045e81ebd71c77cde6f87550ea51f7833e8c98200ae.js]
[js.rbxcdn.com/2f0fd0c2760ff1898187af6df3b764f4b08f77a315d0a33654f105f61b0ea6d0.js]
[js.rbxcdn.com/dd0d34c6d7afd472e5636ca7645e703dd18502fc01c8211279879f64c847dee4.js]
[js.rbxcdn.com/f85ce090699c1c3962762b8a2f8b252f0f2a7d0424c146f41d6c5abbf0147a57.js]
[roblox.com/js/hsts30f4.js]
[js.rbxcdn.com/c0b9b674b2a87f0aa6358830e63fa62841ce9a3e24f065c5fd33b7e73f22ffa6.js]
[js.rbxcdn.com/4bae454bf5dab3028073fea1e91b6f19.js]
[js.rbxcdn.com/730a5206adda5785166891801b1e0f9ae622a95558b260a144db60278b243f5f.js]
[js.rbxcdn.com/8c1eaf614415a40296956e4691eaec91600ffb92ef6216d2ac9e92a971d6e3ea.js]
[js.rbxcdn.com/9731c232fa99c58b0dafafc81cc7905b.js]
[js.rbxcdn.com/bfb3e7a7efed2f8ba4d12dc9fdb70dce1ff97ee13e988833a8638cf3ed8fd7f8.js]
[js.rbxcdn.com/7e3fabac99c8b7226da1ac746d257ce1ad24f43466c5ce27a678ead7f4082bd6.js]
[js.rbxcdn.com/41bd9f2b3a9485661a0c9637526141c355311899d473b7a4ad2cca837f5e47f0.js]
[js.rbxcdn.com/0a132f4c28836d35a2e3d8ece4dd7f2a8b9c829ec380e97a3275fd1c276fd258.js]
[js.rbxcdn.com/03f028f20886b6abeb9896bfdc7c6deebcd2c1012cca05b8bd8e774c6b75327b.js]
[js.rbxcdn.com/6ee0556b9d7f57e5487a8e0e14b4cb21752f4d13deefa3284361712d9d017b58.js]
[js.rbxcdn.com/d8ebdb41a9d5df4ee618138bca4e1663975b7134d68c138418ad9a76cd031a2a.js]
[js.rbxcdn.com/2c21e9e061930ad208faef91747c11dc3ceb3115fa75b9e9a0f5b037409cde72.js]
[js.rbxcdn.com/f237746d0aea12de9860040043f8d9bee7dab0baf4a87bb6fc87de6d160c4000.js]
[js.rbxcdn.com/3756ad214dde52cb58a1300177547475.js]
[js.rbxcdn.com/94039c6a18f1d31aad2d345a095ac9b7668a378ea4dcadaf5c88f76ec321255d.js]
[js.rbxcdn.com/47aa20a4d7ec095fabb9db116c99c5c798b2fa37161a5f59a340cb352279596f.js]
[js.rbxcdn.com/454aafcb054a84e36351d59570e4d06ecceac5d753bc6236a3ffd91baff457ab.js]
[js.rbxcdn.com/a85f7fd1a29f5708433b6a89b776505b4925fef69ee63d4e95d1def7cf4a195d.js]
[js.rbxcdn.com/7f4c2753c55dc89d4c9bf2dbfbf34e224194f6255457c0bd8c8c1ed0e6350f3a.js]
[js.rbxcdn.com/782a897e826725e8bef1e4991428db333f0e14c607dbc0654681b5ab9f03d328.js]
[js.rbxcdn.com/1e979a52d80126c2447674c17604baf65f73183fd44df1e6cd862feb441bdcc5.js]
[js.rbxcdn.com/1c8bc37109fd84f255ebad8b6f2edbbc9f0d2b97ef180131d9856ab1852b48c0.js]
[js.rbxcdn.com/e286be8d412ce36bf773e41cbf29b88ae9e84067ebd669cdfcf976fab494e4bf.js]
[js.rbxcdn.com/39c394723a5d10f07361a2c75c0a35a8537dea36954fec762b84e840a17d67c7.js]
[js.rbxcdn.com/0414d7f0aa8d95f78794f2ee36dd29135c17ff70bd045e29d94a9888b7d14ded.js]
[js.rbxcdn.com/5a5300a5800d03e45af07f710bbcfae2d6a2f4edea9305cb47a488bb57b74455.js]
[js.rbxcdn.com/88bacf62dae20f1d352d30afbd3df4c64ba7a24c551c6ee02152719cfb11b830.js]
[js.rbxcdn.com/3fec2c529efef400a78a26a5c0a2d33e3e7ec0a13971616a31cd958214c71e37.js]
[js.rbxcdn.com/993eb6cb9b2ed18baadeca1088086e99ede5c9877cb7fe9700e0c6854bfeefe0.js]
[js.rbxcdn.com/730fcbf0eba6dd82de9b0029e157627f023e6f448059c5b4c6a4f356222b3ac0.js]
[js.rbxcdn.com/582150b81d510bcf5e46d972f5382bd22792214a4bb7adbbaa460a217699fd71.js]
[js.rbxcdn.com/94a14bf31ad0a75d3878f6772e6d5a251e7da9b64894e2176a07f65f4d79d8a3.js]
[js.rbxcdn.com/5fbd8389fb24177a5be64285e12645c445dee91f0a686d5bed5865f0e009d387.js]
[js.rbxcdn.com/44ff0f2cc820b734456e36bcd3528a30460f0576ff6ff17478b2d84824b64abd.js]
[js.rbxcdn.com/e7e3731285889059db29156a67cd4e5358a2dbf2102a88f49403c524cab2ba91.js]
[js.rbxcdn.com/dc5826bcc5a892baf9ad33442a71e68fcfefd6fbb9ab87faa148869e4a691cd1.js]
[js.rbxcdn.com/b41227fe1ecc1f4409f2e33f02d4d968f6d6389349d2221f481ff3b34e01a257.js]
[js.rbxcdn.com/0fe97bffcb328f446dd0f247d2d42e740d354ef70bd54b9371ece139569a5e72.js]
[js.rbxcdn.com/2da1b676b979a60ce3b9471d919f53c6523c606f10e6ba75fa3c168945b8455a.js]
[js.rbxcdn.com/1cf8330a919924e0d4c5cf0f642a2d7557fdcdf23b2752ed9b5a8abdb9de26eb.js]
[js.rbxcdn.com/8413cc95316fc5497aefa601197959584ad2c82667669f266989679dffec70a4.js]
[js.rbxcdn.com/c4b0a446b38285f3db5472340f4ef27d737c87b78348e36dc7acbcfec89d70bf.js]
[js.rbxcdn.com/4b4ed339879e21ebd989965a4ade1a7d6f3181871df8d816198c1cdc73b629d5.js]
[js.rbxcdn.com/ebc57f8a4aabceab9f38dda880bf11c04f2c92f441e535f0bcaa21b294736e65.js]
[js.rbxcdn.com/1fb472f4ffb7f82b3d4fa7df3938a70b5021eb457e187ccca1315181c0f7d705.js]
[js.rbxcdn.com/2d489ad8a92e817f589e0015732300273bd3a92baddef4a03c25f3962a28871f.js]
[js.rbxcdn.com/10ef4a4b892f4fde2e22b11930eafc358dc1ff59e17b44095514daf733a2f101.js]
[js.rbxcdn.com/cd456bb506f1b0b06a2eb645ca018d367185ca84725ec00d524e35ce431f4a8c.js]
[js.rbxcdn.com/89b846016b379199ee3e5f07400d816a86364449a5b96c9ded3b126623eff535.js]
[js.rbxcdn.com/babce206b492515143d22e96c7508c6c11b2f1298a66f5d98b0b2c567c005962.js]
[js.rbxcdn.com/ed8cefaa26e6b77ae2aa10ee50ef775e7b0ac9215125ee5d9a18626cce1a13a3.js]
[js.rbxcdn.com/32b33b774ece6f282c6e64d124bdb0f19b3225bc63adbb9e4d1fef50b929618f.js]
[js.rbxcdn.com/5b4d2974640af2d875cc0e4a6c40f515e8ad343b0525513f03d93c35bcf9d7d7.js]
[js.rbxcdn.com/13b3b0cf97cfb5da4538eb0c59f252188b4f724f9328c264a58d24a714e41fe5.js]
[js.rbxcdn.com/0c2cef7379bf39f643a36f9620557578ef54d12015d35beb4a010ea8be9fab7d.js]
[js.rbxcdn.com/e171b6008ca0199b35099c1bf14e13b50d48456d5f4db1208a2421ef55e11de0.js]
[js.rbxcdn.com/1297e05d5fe4efe143cde1432f4209ab.js]
[js.rbxcdn.com/47637fa442dc31693dd06c9324d228af48bf04603231213673d6f7f33c281080.js]
[js.rbxcdn.com/5db8ce4deb21c1724ff36f6b9f840463521283aa35f5f6072a684c89eae2b855.js]
[js.rbxcdn.com/7043536ec0248f489b68b5e62dd3336f6962fb50d18a65b766453a206a772d4f.js]
[js.rbxcdn.com/8ce6b0ed5804d9565df73a8afdc1a24e5b0218c635bbf3441e06cc0aaffef056.js]
[js.rbxcdn.com/103995ecdaeff4c69df62462f826d4d9326f9af65bc886e809b634b1d8f2352c.js]
[js.rbxcdn.com/4df6ec52559e1c250d3f2e8286e1ffca9f33998dcddcfaf096a4bcd364bbf808.js]
[js.rbxcdn.com/aff2cdd67a84ad537fb2b3e904411bfa9eb52ab295378592e4a0e7d9df8153ad.js]
[js.rbxcdn.com/a7e0ec3fdb9cd23493191296dc57acb34baf969142e3bdf8bab099b471fa5940.js]
[js.rbxcdn.com/74d2d77cdbaf32c04ec6d4b335f29b6b725e070db583c942af8d64f4ecd2ed5f.js]
[js.rbxcdn.com/cddef009765ca412658d8c18eaf9fe332b3b54af2143085b8347781a767094f0.js]
[js.rbxcdn.com/493054d5c3aa6bf566864be1b37ae750f838a758b08dfe8a93437dc9cb805df3.js]
[js.rbxcdn.com/ef76b6209127bbd0a97cd60319f7b3d6f0cdea5de656eb32492f18e1e1b7da5a.js]
[js.rbxcdn.com/64b381357822ea0567d4d1ffae44640d1067a68e35a92853216aff1353d11976.js]
[js.rbxcdn.com/55527fbc54eb8e86b6ebdcf3ca8d1cb56cd27d4306987d8c9396bcb24234b734.js]
[js.rbxcdn.com/5f2ee2913bf919a8576bbe4120a6d41b933e814a4779a0a3fc1d9d941c5ee368.js]
[js.rbxcdn.com/3f8e434434483277444be52271f30d7e3d83ce0e00218e309bb202c7aaf78502.js]
[js.rbxcdn.com/9f877c3ae7a238df9406bd854eb36d6e15b7d626ea4098ec64b7ece60afbc10c.js]
[js.rbxcdn.com/f80a42e8688ad17273e20913b041a10ebe76f754f36a5571b9aab1c8f9b98745.js]
[js.rbxcdn.com/b18aa1e7b0ed057e427a4d1ae403b58507e46349511e920195731364c3250773.js]
[js.rbxcdn.com/fb8de862b7fa51dc12e96800cbc339d4eac4131fc0e7834e860e418515687da2.js]
[js.rbxcdn.com/f0df9c7fead57d1a7c24d5cc6860786ce1a57de46a7bbc3d8e689c89940f3dd9.js]
[js.rbxcdn.com/9dca415f7e3a26cc631c7ef8b773a2afd89d318ba002598452f4a3d9b06dbbf4.js]
[js.rbxcdn.com/54c13aaea011e94d285d4171277dbaa0a2ec1bf763b408d71f2adc7f72bad919.js]
[js.rbxcdn.com/bd18305af9e4ce41099df37e554eeb1bf2cc139ffba636e356666ccd9d07481c.js]
[js.rbxcdn.com/35f0d01b47b92a779a0eb4c083a91f682d01b13e759d03f4dfe2f87bc608c2c6.js]
[js.rbxcdn.com/e778966a23e02f475d8725623a8dc21579b54a939c52738ec1b6565dc15be9bc.js]
[js.rbxcdn.com/5b04bcf635260df8bd102f50cf011a800fc925bb8a46f8f1e4eab35038d51a18.js]
[js.rbxcdn.com/1eba4a5ba48b46f09a1576cdd3e3440341efdcebc7150e44b4e743da95e3e830.js]
[js.rbxcdn.com/f4d43b88aff79f294dbab0f728a61543c09bbebee1544248706d331fd25cdab1.js]
[js.rbxcdn.com/57e3c8bba1d263bff64510fe211abd03e473dfc17573d3f8a48dcf5d18dde0e7.js]
[js.rbxcdn.com/6df860c2592fac4b498b57afd1422e3ea84ff77de737296ab03f52d1063f7312.js]
[js.rbxcdn.com/846daf4727935bf2ce0c89ac0f21292485a9e326c1485ad9717a862220944abe.js]
[js.rbxcdn.com/64daef195122aa9c881d456010e7b98d698b1c6b1aaba58c81abc27da0db8fed.js]
[www.roblox.com/index.html]
[css.rbxcdn.com/a37a0c2f7ace666c225ad7750883753e3eab0c4b586f5dc89853f85071230e00.css]
[css.rbxcdn.com/944c0c29b874f40bc983ce7754218170b4265e625e7351b1c6880694adb81556.css]
[js.rbxcdn.com/027bd01804de1b5fa8aa9647a484c5fc.js]
[css.rbxcdn.com/0c3888fdbedf9db3.woff2]
[css.rbxcdn.com/7fc67d38cfc34042bc251805f872ff5be8cb502859e943e5dda46fc3907375c6.css]
[css.rbxcdn.com/d6db63fa1054c8114471750134a3a4c0a9870a5e86b4d0a3be708582085b0f03.css]
[css.rbxcdn.com/b8f8f15a57a66e73469ae72eea7d8905346afa78b9f2397627cd099f7dcc779a.css]
[css.rbxcdn.com/66b2fd496e668938e3b0e2d9a0c12f9f88c3a1a4974608f69059d8061fc0141f.css]
[css.rbxcdn.com/0cc9507b7c1ea65fd2cb7399782339c8eee577465af7a1bc41d15720f3472c55.css]
[css.rbxcdn.com/f77e16b9fa5823882aaa0cdabade9706b9ba2b7e050d23d2831da138a58e5f7f.css]
[css.rbxcdn.com/da45920fef8b22d35ee6cce0702d290241252fbfd99695e2abc0934d20de0974.css]
[css.rbxcdn.com/49fff8dad77e5262087267ee2e8fda1607525506c4a1ca20af60f9757684e980.css]
[css.rbxcdn.com/9bfc48ea40a698035ea8cbe3d3e94bd06d3aac48969bedceb6d8ba5ff17ff84d.css]
[css.rbxcdn.com/b386a6bfc8e0077f1187ab64fa702226-BuilderSans-Thin.woff2]
[css.rbxcdn.com/df9a376522ff4c39e6d789e6bcc3d4b2817bdac228020ee6fb4990807031f319.css]
[images.rbxcdn.com/2264d9a3c1a5db37835a57235613e4cd-400_440.png]
[css.rbxcdn.com/f7426ffb19aeabf7440648f7fc7658fa8f823763664f8b667d9b45c8007e3d20.css]
[css.rbxcdn.com/03e27b1120e6fb785c663a524f2dcea1b65861504af3f6f1e903c5530125f834.css]
[css.rbxcdn.com/a92fe075864eaa29486b4a0f410ea9e1758f8aa146d01455d3aaad0c1717ec2f.css]
[js.rbxcdn.com/d9b4f8626ba6e9c4a9b6f84527e222dbb214a0e61e1e43adcc8d71082413d667.js]
[js.rbxcdn.com/7a945b21d9321bc7ca619bf4b8e5871c.js]
[js.rbxcdn.com/9a89a9ef9c12f9750710425581b5099ef93a2dcca8753c1bec7b43fa8916ce10.js]
[js.rbxcdn.com/51b0b55ba07fe5711a2a0e74505c9ed967eaadd1ee778dc130544aa1e8ffafd3.js]
[js.rbxcdn.com/06ea328f91ec2e5a61afa7193169e54bcb83af4a64081cd8f34cf45837e506f0.js]
[js.rbxcdn.com/67eb3a1bc1b5f6968e780734ccb0d41ca6100ed33bdece52792718166967d6a5.js]
[js.rbxcdn.com/873cbcb9f8c427639a281bb7f0170cb068f796ebccccc48cace991b62b29b3f7.js]
[js.rbxcdn.com/118aa5682389515facd84ffe9639d5cb11795ac72ce3c7265bce62df6efd16ed.js]
[js.rbxcdn.com/5699f030466d49a7ffaa49f4780409e9f2c4fe7cc6f9801204af0271ac364da9.js]
[js.rbxcdn.com/2d0a39178b783d4e09a426a042a826da646b1fc91f581c3aaaf26462da283d18.js]
[js.rbxcdn.com/f35c598627d3b08e863dafa67e5cedbb525b562ac58d297b0d566622e1254b7e.js]
[js.rbxcdn.com/bd15b4a89fba2137a52116e947e7ad4129e8e3496c63331fcd85d4db733a4cbe.js]
[js.rbxcdn.com/8861211692c3efde08036b2b464c0e2311d8bbd17ab6c2a48dca29938e7665ec.js]
[js.rbxcdn.com/fe3b45517c518cda98809c915b1ae9575ea97ccff4c05be8e68933e70b15751d.js]
[js.rbxcdn.com/8ffcea84903d23bfc05aa8f4734ea51a6356de196521499e7a0d53ec2782cd70.js]
[js.rbxcdn.com/45dd9a6e8e3dbdfc18153719b293eff8cbfd32e05b8186a5ed3f15a95f1ecb64.js]
[js.rbxcdn.com/212936173300cf51ea178cb6bf80e3a62796cd636f4052d34c1355409754ba47.js]
[js.rbxcdn.com/06ad3970b5febcc0e936dea943d90d2adbdf81d11b2faa29dedefd95ec3ff899.js]
[js.rbxcdn.com/98e3ba0da5c6abca79ae68fa7ff10c34e15c3e58dc51ffde46a5857acbcbb804.js]
[js.rbxcdn.com/3a08fa760f713b9a813fd3dd9a287c4a884d420ba55569d691abb51f5d0607ef.js]
[js.rbxcdn.com/439079adbef341b719bced265fb61cb6e08fd0099cc006088b3fbea234546b55.js]
[js.rbxcdn.com/955567fcee625c9235aea26b45e9b137de9ab1340f359f7b2890c0589415137c.js]
[js.rbxcdn.com/0fb2d51d340cb30d87b0e084da54264c3337bf80ede8d8f225a436837e95325f.js]
[js.rbxcdn.com/dc2cf2e13daeb298bb874d126d8b067c2863c6a8978b4d5046e600e4b598578a.js]
[js.rbxcdn.com/890ffdd7033a07fd928476369680cc858c450ec4961de35adf083b2a4947063f.js]
[js.rbxcdn.com/541a2c06b0dcbe1e2b287c07c1cac903dfffaa0103d4dbed4c96ee990700b5d7.js]
[js.rbxcdn.com/cb51d34b03d093cd1d34790090f7553853dd0dd8cfcad57c6a6329903b2a107e.js]
[js.rbxcdn.com/9d15940aae7fa468c49dc7630b87baaf55c96618bc85dd6e28e5cc6b419d5fb5.js]
[js.rbxcdn.com/89586b552e2540d415e9068bf9d08790652208be31aa4c66c1d973081489d2ed.js]
[js.rbxcdn.com/d33ce74e1b98bc070ed4542a3ac39318489a693cd98ce6725624311fd83617e1.js]
[js.rbxcdn.com/bb80fe13e1bd1292557f6883c41f7caa9914805b6f6f1606ae55ca367dd8c432.js]
[js.rbxcdn.com/ed49522fd0b1b617240fb3c3cffc90e86c867ddadfb863283393143e84cc2933.js]
[js.rbxcdn.com/8cf82f0d153ba848b6f965be45c1e83760df8e1b4a2429bc37ca85fa79d7f245.js]
[js.rbxcdn.com/7730fff4e1477239840256961802be137c8d5ce6723b0889ac525bfe58a74003.js]
[js.rbxcdn.com/66f99a552e1b9befe89ea07787195b2b223bc5e93b452bcf326e8728ec1698cb.js]
[js.rbxcdn.com/bcad394c4b85c95b8713b0ed4181d540f756eaebb2c4b4df81c5f531868843b7.js]
[js.rbxcdn.com/fbc66cdd8bc01ff44d0407ebe884b3ef82b6ff3cb491919e90c5fd3a0f90f56f.js]
[js.rbxcdn.com/8889de1e23be3333741bd33377c89e88aeab7998ebf4ced2ea65a96d770af729.js]
[js.rbxcdn.com/b03d9ebc1cb7df01e9d569d08dfdb1488cd43ff0529d8e9c6e05e752c855e22e.js]
[js.rbxcdn.com/60ddd2e451fd1bb0df64b78e010f486ecdc9a94ef809f56e9e327acb537d9cab.js]
[js.rbxcdn.com/cd57b151dfa4ca5087db2d702822e826432345d8ff357aa1b0f18f1a4a383ade.js]
[js.rbxcdn.com/6328efa46f9d9fb4eab34e90ba7e2c6486e35551d257d0b41a09879337b01549.js]
[js.rbxcdn.com/d07c5c86551e1a80326768c45bbe777b7f714f6730b4ecd580c878efa8d3213f.js]
[js.rbxcdn.com/a35b5342ceeb69aca44f03fd05d6cf49d8c2ca296170db4e62411a64292b3219.js]
[js.rbxcdn.com/203605fa1dddee6d93ac709f7a8853f5fed73ed4e555ca738081c293acb51ce0.js]
[js.rbxcdn.com/689e92f57ee764a513aa683f677071ebb20bf3eefbfe1cd95bd9667bfee198cf.js]
[js.rbxcdn.com/514ed1142d7d464d1977a02801797c0f6df5b2aa8e457675603f1d3c3c6c536f.js]
[js.rbxcdn.com/8f2404ea3cd842c0d1ffd9bebf673b8572a2935243f7e054eef8fcc7a898f48d.js]
[js.rbxcdn.com/cc41658b40b21a78abd3f92f064ad058ffb0a12e4ee67a346df57363b320173e.js]
[js.rbxcdn.com/628a40ef6bb2b4c61e843a3d3c5dcfdfd560599aa9de390c2fad3b1ecae0bcb8.js]
[js.rbxcdn.com/3c225e4f3f3ba0b7b209bd02b6f595e14dd091a2e64f5748634017eb7e6321f3.js]
[js.rbxcdn.com/6fac7d9e4c52d1abe61e4b00c1d407fecc2bd9698de0b3a781b1f84a8af45943.js]
[js.rbxcdn.com/8fb7b5078e372c1a6062dae2b197dd1725caf4773b44e90742136011e9823408.js]
[js.rbxcdn.com/dc442d3486e4f93a4b0e4ffd38f75cb3edc2023aa2b64e13fae8b8d1f3d24431.js]
[js.rbxcdn.com/a5d72faee682e7a15af05211e715932efd78de31d2c15c3fb246b66eeccbb106.js]
[js.rbxcdn.com/5418f00c73c08d3b23c21e9486aaf8de16ee77af85d668428bf542a636103a63.js]
[js.rbxcdn.com/93eed6e64d300ffcdea66d1697c78f39692ef5a6bc1dc42dc1fc946426653bda.js]
[js.rbxcdn.com/8b8f62c93ba1f851f40cb89cde8ed4b44cc0f892f0fde805b4243f9fb8b8f6f1.js]
[js.rbxcdn.com/2871b107e7a12b05b953077e5d97a4e11d3528b3f61084877800e802179e8adf.js]
[js.rbxcdn.com/18699c1dbbe0685f4db515427b42033fa23742c2b74b4acad26cb31c573b8b14.js]
[js.rbxcdn.com/2ea66aa680e4d44e7e59ac81eb024b890992cab12b5609af27d0861cfcc52af2.js]
[js.rbxcdn.com/7533d9f0106d562bdf3172c121e2b1ca14f7fa2cd54acc9c098706de05eb33ce.js]
[js.rbxcdn.com/43c65eb03c2fddfb7aa81e4e92eb4fad0d302d328205a1c6e64d8dca3457a421.js]
[js.rbxcdn.com/d61d0124bc3a457705b607657e2e0906b2a2be1ffa9569cf17d5f5e05ac495ad.js]
[js.rbxcdn.com/bd6bdbb129b665bc67778df038aeb08f57fc5b8064e715e48bbe31e6501f96c2.js]
[js.rbxcdn.com/c096c326cfc35e747a04409f54be16c0a599dcaf8cfc9e0dc32008469dde13e3.js]
[js.rbxcdn.com/92600aa3383a1a261184d822bb5fa884fade3d9bea7edce36c45218c9c844780.js]
[js.rbxcdn.com/1ad615a5807109583e4a2cc88d532f5a602d95a244b8968b589c78dcc9630325.js]
[js.rbxcdn.com/ce1bbe3d33a13928cf43fb2b2373f34fc585dee41f913fb97013deff4e21fd19.js]
[js.rbxcdn.com/b82696a81c4eb2c4993918bfb0efd0f3605440f861ff017af159c5e0cd3cb64e.js]
[js.rbxcdn.com/b58dcfdd30fc661eca3a2c267e2a7e4b70509ace2ba6b61804be63b4994b9657.js]
[js.rbxcdn.com/328287a2d684f9c39ecec8491e34a01b68a41314f3bda1706a991bd09c72abad.js]
[js.rbxcdn.com/fa027abe9ea437516ce052d2a36c97ca40aff58c2f23889732920e42d8890fd9.js]
[js.rbxcdn.com/816feede9d860ad94eb2f229aef63a53a2cb19dbc2fc180909afa3e2f60079d6.js]
[js.rbxcdn.com/9ccf93e65568293a9d6d037257f446e7f26c3a5cc764663620e3cb3162f7e92e.js]
[js.rbxcdn.com/4c00586d4e3505f686d99c580f2157dc267a3a0dfe3b092e5825997d63b644e1.js]
[js.rbxcdn.com/1d033928076413ba7c638c8316d5730a2bf7c57d3c94109fde325704b0ddfa00.js]
[js.rbxcdn.com/dda8c538a8ebec4ff978f30540f47d08d2a68424b7e0a41a1b8a1bf633b25066.js]
[js.rbxcdn.com/18d1fc95b3b9f83f99a682dc870c9265ae92bad03e60a03fbe4d2c81f4a994b4.js]
[js.rbxcdn.com/f97eb41a12dc145846afb2e40be96dc9dd4424a5e6e8ca5609e0b1076011675b.js]
[js.rbxcdn.com/27aff06b7e38b4aaa698a51de786596cbc401ed8149bd5e48382aea3843b49a6.js]
[js.rbxcdn.com/c874c33284a7837876f9f02267d7dab86a6a165e1e75534dd5a7491b39a672e8.js]
[js.rbxcdn.com/8216a1c0cf7d4ea6113c3995a45ab55c828c0e897c917083d5ce768687f69f75.js]
[js.rbxcdn.com/2d85da4f9d2a484be909587bb1490c109d0e2657b9da180d1f0d2bffce8c8508.js]
[js.rbxcdn.com/8fe02e3abaa10a7e07c54f8b0f66d2116cf6f0bb63fea5578a1ec330f26edd70.js]
[js.rbxcdn.com/1005ee0fb5cbfd9e99d5575c59681fc24aef60ffed860f52b98dc7547f40c496.js]
[js.rbxcdn.com/a380e71ea1e19015e850dd00805756d5ffbfb0f766334b91733b440149674a22.js]
[js.rbxcdn.com/27b36084b8e8a2834980847abbc534a171f6d3dd846032932aa2c6ebd9ed190a.js]
[js.rbxcdn.com/65ddc239409cb2dfcfeb3b0a47a0713fe014c6f2de8791f9966e6aae9777baee.js]
[js.rbxcdn.com/56728bee27a8608f7bbd04016bc65d1b97165cdd2db169a8fd975dc92ffbb09b.js]
[js.rbxcdn.com/614f0653c2c97bf478fd48604b9ccea985d5f809092c413c56617031aed85f23.js]
[www.roblox.com/de.html]
[js.rbxcdn.com/ee4291afb7f837be4c1a42bee0e0e85a.js]
[js.rbxcdn.com/fd6e0da897ef0f06cc7b054675fbb5c1.js]
[js.rbxcdn.com/68a6c548df0e000b04d9e031bf0fb534adaf25c8e9de889c88cb6165c80e5f1d.js]
[js.rbxcdn.com/090bfe93c147516bbd50e8396c7e694152fce329f1a2e68b99d7da03f90c8ae9.js]
[js.rbxcdn.com/2f3532d4e81b675c7f23a788bbbe685f32b4fb6cd8adf2853753b013f9e87491.js]
[js.rbxcdn.com/4fb8281bdbcac41d898a0a80c2f5a1919429489815a07d705ab02971e6316739.js]
[js.rbxcdn.com/35b65f5baa6cd38d0f5454cd6f326c26eace847f908045a2ad0adeba139a5b70.js]
[js.rbxcdn.com/e335d8d68c0cdd7f2d75579159517d771986e39d2fe2fb5fd0eb1a43d54249e9.js]
[js.rbxcdn.com/a82f901150b4d5ed4a0556e7298998d7d662f5a5a385a0855b2767750af5fe16.js]
[js.rbxcdn.com/24795c9dc885894eb566bb93a4f9cd2a4efd479d6eb19f2623778f35f8324eff.js]
[js.rbxcdn.com/aae5c77937ca8dbe7247361e93f5cf19d3afcc79bf89f75629cd3a8fb71641c2.js]
[js.rbxcdn.com/3f3c3d3a5d3742d10ea7d9ad6410d6e03ff83bec84a7c8c5fc70ee8f455ac8d6.js]
[js.rbxcdn.com/3a38ce2bb1958e21e55a38e4ee53c9f11f9393c3e5ecea55453a193059514fd4.js]
[js.rbxcdn.com/162ea727a78d77218eb513627c8d1fef52b2ec0cf9c2343d059b840474cb5bd5.js]
[js.rbxcdn.com/827872c0706228c4b5669de935d7d61be4b407d3fbfa82b37a7c6199f4686cdf.js]
[js.rbxcdn.com/216f36f72b2efaa3da4a5e464988961f655166a61cf9aabad1609ffdb435d082.js]
[js.rbxcdn.com/d01e37cd2b0e71821506d6a708d19e8342fbd55933f3e59ed30544166e54a714.js]
[js.rbxcdn.com/f7a4b656b1ae68f6b3779e09307fa43d0117b23a355ca17df1d5274b8e5e1f04.js]
[js.rbxcdn.com/8c37c753e722b1590f5ddc0e7d35c94ecaf915aa24f9123a66f783eaf6526e3c.js]
[js.rbxcdn.com/d26e2bdce3534139a8b61c1b45424f031c5662c7c7e2081cf85c97eceb086e30.js]
[js.rbxcdn.com/41f1827edac66eaf28c10d064d2ba2865ec0bb691e7b40f2178a4ba72bfa7e62.js]
[js.rbxcdn.com/43dc9e64ea291da626d31266259c674efd596466b99c4dd7de19a1ac6c17fed2.js]
[js.rbxcdn.com/903e430a4e66a492388538ab5729702d8ef0d40ac8058fd5ea3fc2941aecdbbe.js]
[js.rbxcdn.com/575ee90c3c69a2b9413c8005ef2d26cc2e88e41b3c94a9b87eb4bb1f266c5da5.js]
[js.rbxcdn.com/ffabf776506d16846d7e118223604c7aca6c7fe9e9260370de1bf71c79d57ef0.js]
[js.rbxcdn.com/f171935216fbbffedf9fe978700854c94ef14d412603f947f1b8cc308d650133.js]
[js.rbxcdn.com/b4b364d6b97d9a5541983bcf34b067b741d7a716f1f50144968ad6fcf3862c50.js]
[js.rbxcdn.com/c84ccb47291cd205507f3c7fd84d460bbfe6f16ee71fc038971111795ff9a3f0.js]
[js.rbxcdn.com/59806f908a3ce5ba7e10dfd4b1ec8c3cd8a195899dfaaface9d280c700894a07.js]
[js.rbxcdn.com/663e5c0c093bfc572b5c05c309a0ee1aa035e0d6d7841ba6040e0ca6761e8195.js]
[js.rbxcdn.com/cdec150c9bdfaf721bacb6d6f37c2524db3bb80f0fa1b17e4e8fdc554dbe1e2d.js]
[js.rbxcdn.com/4fd61b63e969acb1ba84aa6d6c3e7ebdd014c05dd36a9a7b607191aa1099b2c3.js]
[js.rbxcdn.com/985c897b4441b0568300210228674142749e7cf49e8df496fbdc06c735fa63c6.js]
[js.rbxcdn.com/c8d2e5ebbb8d2b5f5e6fb9c17a6abdeec6706d390c927bcac95d6b3ed8c3e50b.js]
[js.rbxcdn.com/e01f7fca02d2f82e81706a1c36f7f7ae64acaf8bd2b4e046a237269e4d2263c5.js]
[js.rbxcdn.com/4dabd8f7fd8f4cc7b7770df65b26dea5988899eb36b6229bb8a8b62e2ff9eb67.js]
[js.rbxcdn.com/6264ddd42e97552d604a0d26c13e44ea1b795fc60a582e58796dbb01bbf0a947.js]
[js.rbxcdn.com/b487ea1754e98bad8b8fecf863ede82d8329a08f8d24d8c509b9c10b6ebf328b.js]
[js.rbxcdn.com/3896de60aeb52d2326e7d726dff717fa76bdcdb7ab943a266542ff258ff3e979.js]
[js.rbxcdn.com/439202dbabe3a9e3a9c90ba25f91b15d40b30ec1579c4730fc28e642529d6c23.js]
[js.rbxcdn.com/58dc66dc967c859325f160ae682849d4b2467b899cded9281d380f3b4f3ac2f9.js]
[js.rbxcdn.com/4ad1d5d500dfad90a75c3cc742a3632842f31d2345bb7e193081e3c9b41d15bc.js]
[js.rbxcdn.com/d0c136cb04e2d55cc6b9e6c297fc836256c3eaac59da4cdf1e1033a34e317e3d.js]
[js.rbxcdn.com/7ebe30d4b0517bdea853cc7db0b925b633d6c7105e58d179505704c5f7aea643.js]
[js.rbxcdn.com/657c95f57cd7d024c1229021900c9669298bec26f33253214f2d19862f62ff54.js]
[js.rbxcdn.com/2ba5923f9e86b4527959505ee8077a241af8d0aa9100a451d2fe62e73e21cabe.js]
[js.rbxcdn.com/71a7a428b72122677b63bb39881c1eb6e2ca1515607112fdb8733f2206000dab.js]
[www.roblox.com/es.html]
[js.rbxcdn.com/b7574625cc1e3030459ed2858d71e380.js]
[js.rbxcdn.com/a759672fe241c84864433521f6954eced217a3bd719e00e3ee6d1d8150fd8c33.js]
[js.rbxcdn.com/fdeaf4b755d03ed3f57f6d1fafb284462336d6f99e89934c6c9f4844db86132c.js]
[js.rbxcdn.com/578dc7aa00baedc840ec0de5e6f2928b.js]
[js.rbxcdn.com/b558ffc3326906d76056cb5ecc4f002c4a3e02d647fb5bee0ba402173652a8ef.js]
[js.rbxcdn.com/bc68260ba72c6c51783866bae2b05e51b90c739c45e9ac6b777fb01b0a8dcdc3.js]
[js.rbxcdn.com/9a63697cb55f7cd0a2fb4540b77ff84fed8723f4f6b645b34976174025109f55.js]
[js.rbxcdn.com/0d3e04db515c52fbf36045f1c17a61baa4b2df280d7e8bf7c97500ab00d9e1b7.js]
[js.rbxcdn.com/9f4672e98526e761d3f6a853ceb8916b570b4b032877f2dfecc9899b4c5e14be.js]
[js.rbxcdn.com/d5a582eee36a56752bd2beb29b0de882e3865db8b29bae762044c2d71025bfef.js]
[js.rbxcdn.com/54353ea4ba7923c35a23acfbeecddc1ff8b3852d59f121b8ae08c746fae19498.js]
[js.rbxcdn.com/e291a3f6a3485197787141f6c1e1661cc759d58dbd06fb792b35db122b412422.js]
[js.rbxcdn.com/4ce2e6f511c327c7e69fdca7f9b768a571ab7d410034ce999ab64fac99ab16cf.js]
[js.rbxcdn.com/fa18f2c04a106c5540e9f4063bd415cbd79e49cb8cda59651641a6aeecf1fb1f.js]
[js.rbxcdn.com/3b42bf4be7b2bfd7b7a94c821cbeec3b739f42da2d2c58dffd19b45a57a1de4d.js]
[js.rbxcdn.com/cd1ac9a47ca54a1ff977a4ee37398a86b7757b02925b6c53d42e87f28fb60991.js]
[js.rbxcdn.com/04342307684c1c1737fceb089b0204392bde5e41c97f9d4f6878566d0fd6c7ff.js]
[js.rbxcdn.com/416e0487d23a6e91cbcb49592dfd548807555bc1163f51ee9a9ceb3bea79a156.js]
[js.rbxcdn.com/d19bff23fa108fc6e635e2c8f0fb600577d57fdcc1912acbca0e35f8b24e2ce6.js]
[js.rbxcdn.com/b5bcbd9f8c96f288ed37324bc1f6a79b920d203d06e47f77fe25c88ced43dbef.js]
[js.rbxcdn.com/798f611b6420d937d3e0e185e0f4c100d25504318298f7c0853b548a8feda388.js]
[js.rbxcdn.com/a1a40a73ee4d489126ef86ac2246b91500bde4690dcbc9277426dd43d51b30fc.js]
[js.rbxcdn.com/791c33e7b43fd59bcc706412cf7ebde051c76af94cbf4f4e4dd84ae0dcd24f4b.js]
[js.rbxcdn.com/60ccd84f54341b61d091e4eef1cf632d9e5a45a60104921fbef270a8b26747d4.js]
[js.rbxcdn.com/c8fa909bce29701e1243975f2175d68318213775e99f517957c64d4033c430ad.js]
[js.rbxcdn.com/264401711913e71359272cb4e77c5b818dc445b3bc77b8e976a4efe1013fe242.js]
[js.rbxcdn.com/8b4bc9e8a454f7aed550839cc0d367acfeec37a1eaf4b657ada5da3b8e53524e.js]
[js.rbxcdn.com/38404cddb11105ec76df27fa0be83c4246dfd3a5253d44c63b1c07358d31e763.js]
[js.rbxcdn.com/6ac18855918698bc53e67370f9954ebfdec6355452b8e604d7b65ea38ffe69bd.js]
[js.rbxcdn.com/1e83537166af7da7c063ad765ef77997ca54dd77dd08df137a8ec791c2a80795.js]
[js.rbxcdn.com/04ba162cef821e38f64844cf7179fb1b017281d08ffa2348cc5ad23487027896.js]
[js.rbxcdn.com/60d82f4d0d73db9c3aa59aa97d9238e3fcdf9b5528745e2b935a1b01cd5cba67.js]
[js.rbxcdn.com/99da9e8edf61108191e828a8edf34f8a88d4a2980e02a0eb78b13fe0ea24441d.js]
[js.rbxcdn.com/73d1780de801f1a7e60b803d34b244884e54fbdb61520f838feb6df06109a728.js]
[js.rbxcdn.com/83bd9a85dbb914ac7945a2f0b2bb02a45a74ead9d1af6fd8268bf0bef1661ff1.js]
[js.rbxcdn.com/fdc5f1d466008828b6524c90fb4729a775a4a0b0c5d6fd47c53911fb4b254d6b.js]
[js.rbxcdn.com/6f5230092328c8dc2b2cda1f65de1dec53c42eae78717b59d38e6773ae545523.js]
[js.rbxcdn.com/06f3cdb4aed727c74911db36f8c9c82c69bcf0e633dbb20b35d403bfe680cacf.js]
[js.rbxcdn.com/49e12fc722d76d49277abfa367250199180fc3452e52482a72acbed5069bdbb9.js]
[js.rbxcdn.com/1a96754588ca6ce33e921f4bd422c594768848c609e2237265def07fd9aea000.js]
[js.rbxcdn.com/d319455707509a8dab21abb7a48e5f37e34ab082ff4da907e7b8290ed14b4e56.js]
[js.rbxcdn.com/30e8fc3fd860c70d4aff488a2c69b7c3b1a7c64094a30c8d57c595592347ee0c.js]
[js.rbxcdn.com/3b6738ab640abd35105987c88d06cd0f07e0a497818746a52fd691ecd5672ff4.js]
[js.rbxcdn.com/a76895625bd049324f21dc697fbd4984cae9bed85112df3ad82a1bff81b470a6.js]
[js.rbxcdn.com/33a39bce9f710186374b22edd51d18b9df6a03ee4014341a957561307d3a052b.js]
[js.rbxcdn.com/a6ef1c9326a235fbf2dcca365b86509ca8ec279963f33ad30516fa6b0deae8cb.js]
[js.rbxcdn.com/232b3d35a0472aa42243759bdf50c56d8adcfba72cd57d641041a6a65588b88b.js]
[www.roblox.com/fr.html]
[js.rbxcdn.com/89437c75f05c9a50bfdf812f153cd211.js]
[js.rbxcdn.com/0dcf101f1c9263155e09e1b1012bd70040ac00d34a6b01d54d0fc3b0eacf1c9c.js]
[js.rbxcdn.com/3acdb7394ae6365ad1aa7f7743bfe8825cfc8a0b8b1d2636e2c2d27ed28ba1bb.js]
[js.rbxcdn.com/8b6ad2b8a69c3570de573f1ca7b32c4e.js]
[js.rbxcdn.com/51c4f4bd1e92885b4faeb2216cd1a0340db56eca4ff990ba495eed0a2ca43d50.js]
[js.rbxcdn.com/9f93ecf74c3e1644357b3aa7db17bb1dbd2e86da0bab4cd116b9227bae9000a9.js]
[js.rbxcdn.com/3668b85e1fa275c3fbdac445d65540631122c3cace07409d57f1fd4b32c9818d.js]
[js.rbxcdn.com/a9267fa6d3440f80f8ded50aa4475f583c8fbd20df518927674cc92008cb3c73.js]
[js.rbxcdn.com/2724649dbe7f3e897d83268bb29dfb611b1c2516c7f969a27a57e50b20f5ab64.js]
[js.rbxcdn.com/692e5defd689fa4a13441dccd1f85149097f561bd11743fe46e349e07b384c63.js]
[js.rbxcdn.com/c851e5217187d0ef33b1834aad9be04520756a3e48cee5a15ebaa9aded7f46a0.js]
[js.rbxcdn.com/d16bb56a77b8920f38b6ed47489d672663cc2178111d6e706fc3a13b33cabcba.js]
[js.rbxcdn.com/6c39ea60ec56be5df71389cf107745e34be8f3b84694cb25d5feb6dc234203a0.js]
[js.rbxcdn.com/b0dc5ac0c220a69861853f497f5e7f690dc4a768b460bbd18bcdb6cc6f08cf22.js]
[js.rbxcdn.com/995b8771a95f0e5cd5d8cfa1984c78bcb7f8ca9c2472e1cf3253cf913d6ba4ba.js]
[js.rbxcdn.com/08d04a5eab233e8d3b2dadae10a9cf394557724da8d5a95a91ff43b9e1a276cd.js]
[js.rbxcdn.com/3404f4cd27a8f670cdc434a028a9e7b08deae73bdf89bacd3fdfe469f7da4a4b.js]
[js.rbxcdn.com/5dd353d7403bdca0ab15e23c428b3ce38691a507ec9bf7773f80c84dd9149770.js]
[js.rbxcdn.com/5ed3cf7853ea3f823aaad8bee17c082b64a4b4de2b4916c6b20d5985fbb8ca1c.js]
[js.rbxcdn.com/bf2ad177c9d9d0beb1048b97f3693f302324ee1ad1c2b3cafc92c97b2aaa6354.js]
[js.rbxcdn.com/94f5c1157e96c6895ed1fcdbc03ba1c76d41b1dddc3ff2f5faf31892128244be.js]
[js.rbxcdn.com/d86b8ac76c93b71bb863d9599352f6085f296d30c0b0ae8139625bbcd6a25419.js]
[js.rbxcdn.com/0df8cd9671f7491ebfabcad568413ac5fa22f22c299ef9e8c505f18fa1bdde1a.js]
[js.rbxcdn.com/90b55ce1b893fce48f63c6321a37dbf97289c65d3a834fa2432369459f3ad519.js]
[js.rbxcdn.com/8a0c4978d0e4b101616ae2d19e886d756fabd2ef3ace148eb53abbbf0107128d.js]
[js.rbxcdn.com/ba2ddb1364a45345d20316073a7bb2a20f942445ac526977a1ab681acaa10cda.js]
[js.rbxcdn.com/3018b4b81a2b9aa77105c9faf3a33a1d3fc763d0cad86214973cbdab5af3a017.js]
[js.rbxcdn.com/0f4fec08343bc2e270188e71a54dda56939164b70a17a9fb0655989603c8a89a.js]
[js.rbxcdn.com/45bfb27a3d0a46417dd63ad26143df86f50630722d66a7ff221b0ef4aad8707d.js]
[js.rbxcdn.com/5e078dbb38a77f6840262e5ba181b8cd4633650a9c92e6b7c36b07d7db32dbb4.js]
[js.rbxcdn.com/ed7b03938d8799a105dd372b3225936af58a441e8e4d33adcadc2caabb5c349c.js]
[js.rbxcdn.com/7af8a3bb90a43344c808cb4c84e055b452e581d3c1dd5a6957413901cefc5689.js]
[js.rbxcdn.com/36126f2c49b9c9ebd1f71b52dcadce2961d90a7eb7203f0c72f2826f365f0603.js]
[js.rbxcdn.com/b61c496ad0f03022ec048a17b56773d748d3b5ab8770c9abf42f9d79d23fff9d.js]
[js.rbxcdn.com/168550b021c8c822928384515e202f6be94c9701de7d47f8b42b4da8bbb4a4c9.js]
[js.rbxcdn.com/442ec888daf9ced3da141cf448105f3bfe893214f44055e9b3515d0b6620dc8d.js]
[js.rbxcdn.com/a182c6f328f42af9c509053cb0a893edcd9b8473aea4cefb9c1315f5b9f90923.js]
[js.rbxcdn.com/87a5dfc633090e21737717a068a7d546dcd37eb8738fe614fb1f91d411849eff.js]
[js.rbxcdn.com/bc08a708bc670823ce9cf9c04dd32a3e4f24c86dc1ada67573a81fd951d40aee.js]
[js.rbxcdn.com/c2417a2ce3929d06b61328208953f780fe36dd69f07404e111096c9895b6d27a.js]
[js.rbxcdn.com/660e0e2b5c3e420c62d740726e7cfc04d1279e8a13cb924f0e7649a4942498bc.js]
[js.rbxcdn.com/4ca2f71c9fa6c1a5dd07b07bd75a0c8568e83004340c6f6cbd5486a20af4e463.js]
[js.rbxcdn.com/35158427214a520772278a9cb768973d30cf8141e9bbf7be60a76fc8a1ec9681.js]
[js.rbxcdn.com/936e553581c22844cdd2c960816ae799225a4a981a7a06fca90995d0aceca5d7.js]
[js.rbxcdn.com/50f891b4a11cfc38b3f5e71ac32d3ae63d0159be98565183e182d85083cef9e8.js]
[js.rbxcdn.com/cdd3e1a874aa8ea12dbf80a827a5ef24ff9117149b4bb43cf9b244bd71026c40.js]
[js.rbxcdn.com/94386fe7694e4843f7c5884e9b19763c279b340daeb6e2c6c6fa1e6518bbc966.js]
[www.roblox.com/id.html]
[js.rbxcdn.com/036af4f22421d1e7a3eabf0526850383.js]
[js.rbxcdn.com/252573fb6203de6fdb7545107999decc.js]
[js.rbxcdn.com/98a3ccd86b28a3eef47842e416f75d30023460b31454c8394f0c624603f37fb6.js]
[js.rbxcdn.com/4c9a610ee29ae7ddee3deddbbd5404ab5d4242a703a8af717e6117e7078cdfad.js]
[js.rbxcdn.com/15afe162fdbe354b2a8005467c9519a6a23ca05777cfe0023a4ad9ede60c0dd1.js]
[js.rbxcdn.com/3a4a0824aadf30b3e2da4836fd5a9ea9bee77ff6359a5d6c87331d16be33f482.js]
[js.rbxcdn.com/6b600e4821ee4cb0c396adc1007031beea0f7d19123ca5946b8bdf6669ecfc6f.js]
[js.rbxcdn.com/113f3df0c4c5dae8cd9ab7ac5b43315474723739e055f4ce64adc6485cb96666.js]
[js.rbxcdn.com/253866f7e33a8c2629cae0acf234cf934a0465f0abd003758618722b13051ae5.js]
[js.rbxcdn.com/365b86d7414b3208f01fb4571507b5d0de2ecb5be615e73885113331b15dd70d.js]
[js.rbxcdn.com/46d751a3fd064076c156cd9cc2c758ca7a840ac22b66958755de48045f1b5a86.js]
[js.rbxcdn.com/08be35b3341037ac92cc55c84f0baac4ebe75823d8c07079603fd79ab1800985.js]
[js.rbxcdn.com/a8b4d841d625ae5819aa4c7f52a4e16b8af0ca3209b394712ce890c3862b6929.js]
[js.rbxcdn.com/c3d796cdbfce3394e65be41ea5ab41073ac0591770ff09ae7826bb066146fc2a.js]
[js.rbxcdn.com/db505cb318e6e882dcee325a8c7d59016bc165b59088f6a0c7083be26739c24e.js]
[js.rbxcdn.com/4ae05770e4a782ec15e12dcf556bd54942e33345524a9031650b51c63e7725f6.js]
[js.rbxcdn.com/765fe45c5e1049fcc20fcd9bbdd306b9dbcecb7c9e030034635a2979325b0f5b.js]
[js.rbxcdn.com/c80b3331f2daf1c613dad498df7cb48c9a553c391095eff18d194908ee9f0dc1.js]
[js.rbxcdn.com/d1155c5e7aad9e69b6b2ad19e49b07bcdfe436900f02185c1211979f315fdc87.js]
[js.rbxcdn.com/28098df71e5fcbb0406637238fd69d6f2b0302bf0e03506b293b4ea1c3150278.js]
[js.rbxcdn.com/d285823319e1ca953fd9c04ac81fdbd1a9452b202fd7072339e63c248a32e101.js]
[js.rbxcdn.com/6c3090fbad407791d36d24bf5754b2102c3ce31b656917571fa05cca115ca52f.js]
[js.rbxcdn.com/ea1d56707762dc61ecb955741e92e59490dbfe51f155b2fe9b4448deaf22332f.js]
[js.rbxcdn.com/b32840c6951c7a06fc1436f710a8028d9533f70c58523fa4da976806e8dee0ab.js]
[js.rbxcdn.com/daabffbff7d7c1cce9f4dccde1aef79ee14a63fb1be4e54d37099396c1fcd0fb.js]
[js.rbxcdn.com/42a741f81fc38348d2cdfe8de51210fdc16a344e20e59c62bd2f7d6cc6798908.js]
[js.rbxcdn.com/70432ed27148f21003fc16d4eb8f808dbd468f5b3ee628ae5ae42ea8497526c6.js]
[js.rbxcdn.com/188f8964f75425ef6aa5a0ce350fb4c4daa72aedaa14d01b5e100709c380723d.js]
[js.rbxcdn.com/062725ac3dced6bdc71a3056d422c370f896bd040b548bdc000f05afa3ffb97e.js]
[js.rbxcdn.com/de966cc5f3b32c3bc897d5af47b54378aa4079ef59de12519c757c5d5b723a3f.js]
[js.rbxcdn.com/7671bf3c786e46e68f5713f84f93e8c218591cb7be3e11473b8c141bb621dfe0.js]
[js.rbxcdn.com/8a812885271a35404baca489069ab6b5c0f961d59640ec82445b4aa8b38b2616.js]
[js.rbxcdn.com/29a59ccaa3bc0b9f2bd806ee171912e072b590a998e1409a8cffa9ad72a17af4.js]
[js.rbxcdn.com/b13b55bed06cc44f385ffe158da338d450dcdd2e4a42a9fbeb72ad8f2f607db6.js]
[js.rbxcdn.com/ff85c80e039ec42c5c8ecf6e463799edafb24d8bd519ce598e02d0395e5f56aa.js]
[js.rbxcdn.com/6a7c4f68e6a420769cfb24a47815e6c121854e4a509e78179566e53ac67637ee.js]
[js.rbxcdn.com/e30fbcdfdb84eed45d2933e446403042984e765e94c92fb6d2e8ea1c675c4abe.js]
[js.rbxcdn.com/8c0c07be740f9a5d5990e2c4b9553bb4742f0009d53fb2048bdc43526ff0b643.js]
[js.rbxcdn.com/28369406e985b83d014d408ae10b81f9337eaef19abce5341b1a00a2380c2a97.js]
[js.rbxcdn.com/6bdc5ef0d3ecaacfd788b92f92cfba74de9523185f228e1843c43945e4255e0b.js]
[js.rbxcdn.com/bd121efbd042c1115c6eb22b6e005ee430e74c23dc9950b4524c3454c99100e2.js]
[js.rbxcdn.com/4fe8a493ca79eba764ce234299f01a4bc62493a92a92e77d8ac4d9a4c2880fdf.js]
[js.rbxcdn.com/457f5bad5d90e4afd801078b3f623ac8efd34a7e0556c787581d0ac225db308d.js]
[js.rbxcdn.com/ffdf6f03da6447f2d4993984ce05b3c73eae587570094dbbae8dc5e68120d18f.js]
[js.rbxcdn.com/09f8d26036196fbaa1b977d177595bfa3e69868f1613c4dd6b11ed6dd6dec7a6.js]
[js.rbxcdn.com/daa06aa8ac4653f145695446299f1da4b431e1c8c6e771aafe8528b857cb125f.js]
[js.rbxcdn.com/d45992168597029a9ff90937aed39f79e04fb3fbe91492bcd0329ab10146a3ba.js]
[www.roblox.com/it.html]
[js.rbxcdn.com/e50be7bf971f52b34de25ec7c23490e6.js]
[js.rbxcdn.com/cb72e33df21929086962ad5ba3a66d66c07d772217457b978235be97b02a5d6f.js]
[js.rbxcdn.com/47644ec29b4927ad94dea74db169ab23b61f13bce90f195360143dc813cdc697.js]
[js.rbxcdn.com/8d13bb9203086ba847e3202295c7f433.js]
[js.rbxcdn.com/0156473680796f2b2312e8b6bbf11ace5087be6049c60cb99f9d7e7c06d8ba70.js]
[js.rbxcdn.com/3a667ea10a04ace608a5885b9314e021a2af31503d09a48e6ee2db1ef0883742.js]
[js.rbxcdn.com/b116169efe6e82fb8d1fef8f08ba1d4c65cb3cedc01af21994ba62ddc8e0e908.js]
[js.rbxcdn.com/723926bb9c48acbc6f71f4cb87488c48d7715fa257d89c8e3d2bd593c249ded4.js]
[js.rbxcdn.com/33b48d8d27247e04b7b89f3d3197e2977234da49da0e45417de197669ae4641c.js]
[js.rbxcdn.com/ced71816fb951146040b6c3e4aa3852ef5b1902f5aecb6b59dba858839cf33a1.js]
[js.rbxcdn.com/057c8172621a564502ed0f9f95ff2bd9d3e5ca0df2543f82e702f2c3fd95db85.js]
[js.rbxcdn.com/8ec7962bd591afd3896d1647a04044e43a1452435fe893cbf3e87844e2666f48.js]
[js.rbxcdn.com/f5e5f7ab0f0cd1af60f15499012227f62e08d8514583a0a9e01584592a4c340e.js]
[js.rbxcdn.com/2452159ee4fa56e18fb717d97e4da32f6f61d8e074ca777ee7510f54e2911e45.js]
[js.rbxcdn.com/4e3941b261fa98666c7c376d1982dbfd86067adf8e4a074c07e3417d1a24cba1.js]
[js.rbxcdn.com/e8eef99f5cc8b456d8519dc074848d5af5afa15be2ec308e2e374992b935bedb.js]
[js.rbxcdn.com/0b0362fecf4d01aac11ad2e9bc0cab7aaeef2c5616b032c900f6ad39ec77ebad.js]
[js.rbxcdn.com/e1b00a5bfe8f4b2bcc48223839caabf5625fbbc0dd2643170b7f7e0cb6ed33cb.js]
[js.rbxcdn.com/2900b14efa68c2491d93378abbe4e5b95add54cac39390f869ba80fc3eb00f8a.js]
[js.rbxcdn.com/5b0b426e24543cb086b6d73fc174da89ff5c6fcea66da5bde5b61e0a18cc0757.js]
[js.rbxcdn.com/2a19a6b5610909fed850af226419bfcc50ffb78478c9d61a7465b72f8cac3390.js]
[js.rbxcdn.com/a1d927f9e607515b57fb0829ad6c31acb55b95dba3051e4986617017ad14cdcb.js]
[js.rbxcdn.com/28d1f70fa857748b7d7c5c83ac130d729831232724e24828eaee79dd04e01fee.js]
[js.rbxcdn.com/b6b68b988bdb8976a88c93b34734721446ab33e60d1c3bee011c4a6bee084fce.js]
[js.rbxcdn.com/abe9690f9a3a40522cc4b0cd9bf08ad3ef4a1d9e4f3952fedb7fdc513fc3f261.js]
[js.rbxcdn.com/81135a352548000438d61282e81cf52b4fd4c1b8f5b0c1284ba507c8f9e05527.js]
[js.rbxcdn.com/f870874e51430c83aab90481c47312a2d9ad130d5855df7f9ac8ef45bb9284a0.js]
[js.rbxcdn.com/5d4d06dcd4d8f4b394005d2272dcb26e1a21a1026c245b770cb46873a31c350d.js]
[js.rbxcdn.com/5531557408cb953a0a08b7af2f850d8c8b74f1bc285116c50411e49746143884.js]
[js.rbxcdn.com/4ec37e41945d335ce0fb78174ab9f8a9d2af897d267e972821d1677f3b1e08f5.js]
[js.rbxcdn.com/a8be9b162b56cfb274cf55dd13480586d413a42ef322657ee3d871b94e7850ed.js]
[js.rbxcdn.com/bae009331b0adb07f3a5a4068de05f1b25bdb13ce13efe623ae9f38c146ab0c3.js]
[js.rbxcdn.com/9ad712b846fc53e31b15e625da14e94672562e9f46481ec075c82ea1af76f147.js]
[js.rbxcdn.com/70cf452780968e92ac27ca94bf08a1a43aa18bb78d34e72ec2c26b90013ad317.js]
[js.rbxcdn.com/62a263afc87d97d6e4ef6bc66ef1ccc0c74d4adc2aba85df136102d810623023.js]
[js.rbxcdn.com/a2e5a4cbc5d6068701cebb9a9c71626d0857c54600609316a93e0ef918235cfa.js]
[js.rbxcdn.com/9e031014403ac624f95de1b287287fc9d12718fd4b908c45608bedc4ab8466f0.js]
[js.rbxcdn.com/ef516e4be5e3e42bf78803082688ced9d3bb51c74da63a11dbe2579943a5b617.js]
[js.rbxcdn.com/7e52f51420c3028b8fbfeb9447a65b05584901a601525f4acea010c765b65e57.js]
[js.rbxcdn.com/0b4e22f06fc0161da80503c25e0e4cc5dc33cbb6738eb907c87120d85a192c8b.js]
[js.rbxcdn.com/044a708f5c813513c5ecf8158dbfecebc7907eae064ee866725a8f05276072fb.js]
[js.rbxcdn.com/90cfb36618ce99d286052d6aa8525bf36f99bdef1a949f2f1f5d106db7ced08f.js]
[js.rbxcdn.com/8b176c6092ecb1987ad7a81a527e8d65678152532a1985b39a2d660bb559ba2d.js]
[js.rbxcdn.com/c442ed89414b3bb1cbeff20f0a8e18b7374b2eb04bac466fa0a0582627b32970.js]
[js.rbxcdn.com/ebd5d9ee204b4ac59b2f1e7838d6b3f6f12343133641f96f4598b31b7cc1dc60.js]
[js.rbxcdn.com/ddd05584dcd6de531016813968f2ed03cb00fe7defbc8ad8a76c894ff99cd8f3.js]
[js.rbxcdn.com/d7787a753907e56ffea57947349268a946923244942d673a19923bf041257873.js]
[www.roblox.com/ja.html]
[js.rbxcdn.com/e4eb2fcaf47a6304afcd3bf650437e9d.js]
[js.rbxcdn.com/32e12789ccafe596d625079d1b7080145d81b1b0ae3de85f760f71fb1eb3048e.js]
[js.rbxcdn.com/4a1cc95928c66aad001dc74f3d5afdf0692568e518de5f5ed62fc51ffee3869f.js]
[js.rbxcdn.com/61c994f3f6dba31ced9c18980cc42afe.js]
[js.rbxcdn.com/abbc85d62572921387084b8bb5f295b2f0c1cd653f8b22974e09e30cee9d7786.js]
[js.rbxcdn.com/3704e8bef5f30f8683b656d3c34452f266befc96a78357f9bdfb99921945eb42.js]
[js.rbxcdn.com/2f4897384945b991317fb8246451b1f8f8cc0e35f6b00a8f357cfab358fa719b.js]
[js.rbxcdn.com/4be3ac039b579d88e515b26b00d3ff46dac1b9010b62c73c7d6618ecc27c7b8b.js]
[js.rbxcdn.com/26c259d16586f761d9c15138cdce1bd935774a0d4c9a72f9e397b18b145636b6.js]
[js.rbxcdn.com/62131891f7ae3657820caeb1b587ab907eb80c1c8de68eeb930b19be59366809.js]
[js.rbxcdn.com/6f99039a3ad802208febc4176e48fe8434d1591d9790bf13c5c2b9c34e91763c.js]
[js.rbxcdn.com/7571d6a2ca08253e58827b48b19dae746b5833b51dde9202b516f70cd1dd5af5.js]
[js.rbxcdn.com/dd1177d729dd7f7e08370b93a9918ce1e99a5addc948da6be765351f59356c99.js]
[js.rbxcdn.com/0842f102557091114ba5d3a7014d47b619220827f9cd09c5fed9a45907de5a62.js]
[js.rbxcdn.com/35854a95bbaf22e5b071204627f109c92f4e386fbd809eb3bbcbe57aaf1cc8a5.js]
[js.rbxcdn.com/81f900bcd52c7044b68e317f1cbdec047a98eda725e191ac851b101d336dfbc3.js]
[js.rbxcdn.com/1c55debac89319672c484194d58c370b9460f99322966f5529ab6b4ecb0c2a18.js]
[js.rbxcdn.com/61ec8355d6c0608098c20bfbf860aa710ed5f58d9a3d239a0277bcdf9928e5f2.js]
[js.rbxcdn.com/261d66affea60c9eefdbfe308023e755ad1d96691022b5d95a1092dc77baaf1a.js]
[js.rbxcdn.com/533cc6d8a4b3c91ff929ec59e57bda0b9413d32d42804ddc1a37f318b741c048.js]
[js.rbxcdn.com/a61ce46f5fb4307e7e9cddc78ad934cd69e7bf2a2354017b024848945998b169.js]
[js.rbxcdn.com/8c481524b8aa15c0ed06ca1afa31b5a7254104ff844fe8620274ac2178206d38.js]
[js.rbxcdn.com/d800628a8fd08ec22033ff546469b24c61b87ef19a820c3506d0ed2020c9ed2a.js]
[js.rbxcdn.com/add87839d46c03d80ee014f866d16508ff976837edf9b58c093cbb99a6bdb407.js]
[js.rbxcdn.com/d8819bdf4e5a4a7ecfc3ff50b4e0ac0672d8f97910e84aad16bfa65dd0b17a55.js]
[js.rbxcdn.com/00e615c6b4c75f0e3df6781a269bf2ce0c94e1eefc067571b092f8f659ba0a76.js]
[js.rbxcdn.com/2942590dc9687b5e4c27f8b280e38542b79c831508990d7fb85eaa946a3c3511.js]
[js.rbxcdn.com/3e8632cc4c44ffcc5fb025f66782d41b83c9c074db8ce24be4cb4168feedf0ae.js]
[js.rbxcdn.com/377ea1989a7770901b0508b394faa76502da600660e95cd45aabc622996e8841.js]
[js.rbxcdn.com/c5a82e9cde1686a36315799408ca635830218f6a4dde103c4abf707e7f55a6cd.js]
[js.rbxcdn.com/7f5ae7a9ffb3e3650c973a79f7a1a3faec6d301b0f9f214aba20555ad7b2b385.js]
[js.rbxcdn.com/41b331efd7c24a6a1e815202903032ab16644605ddc877c978a84da6c058a5c3.js]
[js.rbxcdn.com/04fef4973cf6fd655fc2a325426ae16dce8504cbf504fec0ca0a02972e2ce96b.js]
[js.rbxcdn.com/f45f3bd5068a5e897729c6fa6880ad80e5cf12d97f9392050e5c86dcd1d56f0f.js]
[js.rbxcdn.com/ed5fc7a89b99f9682a9293c02b1c914022ceaa2a1a657291160685096fb554fd.js]
[js.rbxcdn.com/092ee4f65b5a316c37ae9ed62c93c0ace948aac6595b9b041c75de5b5cb17509.js]
[js.rbxcdn.com/d9c8bf45bc001638faa23c51f70c5eed73470e00a986df7e923c32b9a48352cc.js]
[js.rbxcdn.com/5ba7ea2a048fe4d455fd0c69839975484b49854c26385a181b782f46b01835e2.js]
[js.rbxcdn.com/427f2fff507b7088caa75e1daf4511fd8668384cb80c0fad3b6c0bfa65e386e4.js]
[js.rbxcdn.com/f396462097c6bf6545d0d50892c91daad3f85a4abd1669a36cb9a715131c2617.js]
[js.rbxcdn.com/9796a69f0333e614d1dd9c7c598bd1bb02eec45d5c90f5e37020bf8854f5d43a.js]
[js.rbxcdn.com/3d739f6788f38663cf6ef715a94bffbe9fdd595eef085e18c0a268b18bb2e8e1.js]
[js.rbxcdn.com/d070a3687954e499f74f09c7b96a4cc240a83afc75933acffc255327b0e6fa4b.js]
[js.rbxcdn.com/331a0b1d1899dd51455d9542dda3fce4a84d419b740e0c6fec5a0e198c41ac28.js]
[js.rbxcdn.com/ffc476b14db6d0c10ea2b9a7cd6acfe3e72fae05c0e949c4339bc570f23b316e.js]
[js.rbxcdn.com/2c8fb298b2f1bf97a9d7ca57a7faf7c913761c1aebf4bffba77db3a510d7ff1a.js]
[js.rbxcdn.com/2922401b4436b82b4158fd5cb4e217e8c9bdfb446c255d5696db840e6e518f56.js]
[www.roblox.com/ko.html]
[js.rbxcdn.com/4ee383e4fc08fd3fdddf35bcbe56128c.js]
[js.rbxcdn.com/1b85dc6c59eaff30471d5b5a340b44dccc7c080f4b1d89f12c170db1e1c2aacd.js]
[js.rbxcdn.com/2d7fcfb899649a24e6f62f9dc4aa8578ce8e4cdb23a507a296346e6882ee1505.js]
[js.rbxcdn.com/406fd903bb2594e801cc353937af83bc.js]
[js.rbxcdn.com/50a1cb14115f2b62742abab19272201b286252de53ddba7ab29a0849c85c7cd3.js]
[js.rbxcdn.com/8149f7df9da4319fc1e3f856044ff9fe2960adce1b96f1fc210768e26a6001ae.js]
[js.rbxcdn.com/0ede667c5b19e3914576e8dac11b9c4cda0330c2d0e1219ce19073dd15c76964.js]
[js.rbxcdn.com/edfb6a03f3e212e248792fa579972589281b28431e102db3fc62429972458458.js]
[js.rbxcdn.com/a18eef03595ba7815e009409b7583d08edf1be3959ea68775b650e1bc5aa5d98.js]
[js.rbxcdn.com/6f6019dab250d73bff623d3996bebae275c5a701cfb3cce8fddf0342b76122b3.js]
[js.rbxcdn.com/2c921fd04c6660f1abda41202866b463da38739cf6d8c23300f2ade107b7c101.js]
[js.rbxcdn.com/2bb728c27f7a44a594e4f333a823026179033fa30b105638629e640eba318479.js]
[js.rbxcdn.com/1fa9791065747a7034887be2a7e0a761e5b3a5d7eb66f5af02994856cc6118fc.js]
[js.rbxcdn.com/8e73df48f5efb95a46533837a9d14553493a9169d6bac0eb437ff613232cb53b.js]
[js.rbxcdn.com/8c0a348778917e499d85b3ef9ca0a3e5100ea6c71f686a3b08d557288f7004e5.js]
[js.rbxcdn.com/36091f9ab2b4d0cc91561be0748a7e946daa322d664faf7ec06e0f41d4ec2dcf.js]
[js.rbxcdn.com/5f485f61d20ee4584617e60d610b413acb397e1a2eb87054b638d3c47a7d98a8.js]
[js.rbxcdn.com/09a885ad84273b3ef9fc3e8ffaecd6ed4f8d83199bcb043bd7d5628273150186.js]
[js.rbxcdn.com/b9d5c6f800332e2aa8f7c51a0570f3446d45b02da99b4e57fc4806eca90d1b7f.js]
[js.rbxcdn.com/9364c700aaf15031fed5553421559bdcc6747d139388598fb8faef689ba6a1ea.js]
[js.rbxcdn.com/6da8ad4c150f0f1bf96ee955670e5ba2567f3567e4198d29cd2fae6ab278dae0.js]
[js.rbxcdn.com/fadb6b1eca2c6ce853220b4031fb8f3fa4b54df96f83381ba64bdfa3cfcf959f.js]
[js.rbxcdn.com/0e98db3a29d782fc1c166de7071f797a65552cf56f7f85866fcbbcdeaaa8bb6b.js]
[js.rbxcdn.com/40dda6ae5d804dc7fca8c7293e6c23a20e92466d7f3f29326dbd0a3cb903bc23.js]
[js.rbxcdn.com/c4ac791ac036e871c80c991ff1011d904fb033d2770958da533bd204c7184bc5.js]
[js.rbxcdn.com/aaea5fe7710eddd3ef4ffe8637e3db3ee349e54829642d7080c6b287081afbfb.js]
[js.rbxcdn.com/e19cea4651b07b04fe63bc1fcec0f99337430edc349d8010e58272f4ab1333dd.js]
[js.rbxcdn.com/d8fa1ed3c06557b905871789806254540232a98e912d0555d135c89a4bb3ed8c.js]
[js.rbxcdn.com/815232108ecdc04eac324c51e5a81194fd4f8c4271b935c0935c85b458bf5fc7.js]
[js.rbxcdn.com/48f36124893e95211cdd531a21da3c69ba21898268e2d68bea7d7d17def3639c.js]
[js.rbxcdn.com/fae53fb58f23b6dda7f422a8e3d2efba7521177e5a231529430f26a7ed904226.js]
[js.rbxcdn.com/1378e4efb83660fd74258fe2ca2c183320f76472e5c599434824f23a6ec13585.js]
[js.rbxcdn.com/777858b8df1ee3c15003d7621ac3c17973b62bfa09757b6e0b8d0daafde4d4d5.js]
[js.rbxcdn.com/1cc36139f237da0b4d1eb37032bec4af58fedbf9b5802c91d8439a2d7f854eae.js]
[js.rbxcdn.com/2f16760a489a09c898146f510cc05818c1b8635f73f01587ad8f2c34934b43be.js]
[js.rbxcdn.com/d3772fcb487b7f8ae16993b42ad1673f4032ccefb6b236f83d71bb58408edb1f.js]
[js.rbxcdn.com/c73c01edf7a3c6ee85449c2815ce22754dd664f342a74beb662e995c4e5424a3.js]
[js.rbxcdn.com/24de132630680fdce14f16ef2e508daa413efcd46ad79e9803ac9936d94ea506.js]
[js.rbxcdn.com/6d2b2fa8d19f1436e4f30f9579d229bcbb89eb864c3bb38ecb432046a73b2e58.js]
[js.rbxcdn.com/6636d2f563ae0288ad1632f69c7388c0043b04cd2c7b187675cb953f4d16b075.js]
[js.rbxcdn.com/8743413ad92a871bf2466934ddef249d400f75fbf00e3a38b3f1511a37bf57ab.js]
[js.rbxcdn.com/16f0986a06062c0823f0052136e751dff0b9103ec315c9f629f52492ecac8acf.js]
[js.rbxcdn.com/0062b58a6650f13f904a8026244c973bb4a94ae9cc77025f78f8f4531db914e3.js]
[js.rbxcdn.com/35ea68b2adccf08693afc99a0b48fdccfac6707fe11093d758bc19a822e256e8.js]
[js.rbxcdn.com/ca5bb1760bc8df288669ad41f2a860d1ab76aa18b5a364799b3204013ef7d9db.js]
[js.rbxcdn.com/1cc817987bbac5b97db911ccbb64b35fa049b9777d9df18bcba4579b3dfa10cc.js]
[js.rbxcdn.com/6940f9845a8a16e06893e786a1b27775cc54907a8f96b134fc6d5d01670bfbf2.js]
[www.roblox.com/pl.html]
[js.rbxcdn.com/5cfbf5be4a17f731e723e8bafc65d0f3.js]
[js.rbxcdn.com/713170a7075d9fb4034eedf9656ad1193091513e170f6bca1ab52db7a7c350fa.js]
[js.rbxcdn.com/8c908670997270403cc18f59992f541025d0ee80cb8e23b752e3fecadaf813fe.js]
[js.rbxcdn.com/7308ab0e8dc6939e7e2186f1f947b191.js]
[js.rbxcdn.com/6a08f5745621def0b93942d1e525e8f6caaa366e4e3fca32aaf2e44ddb7bc723.js]
[js.rbxcdn.com/8516810789259d6ccad0c5ce6af6ef94fb856e1f70f03e176c90d06fda5760ca.js]
[js.rbxcdn.com/6c536f2e351653ed1740ed4ef965840d38b88bd0379f0ec2b9f45c0c6e20960e.js]
[js.rbxcdn.com/3892c8594ea28b7d019c468019bb570d7579c7ef61374f12575c171f6da36342.js]
[js.rbxcdn.com/493bc738dad047d240866c86eaf3b8a85383f81dec9bf5c3d3cf3e17bce052e5.js]
[js.rbxcdn.com/e897c56ee9e4cae2393b3b745c5ee7307d97de885dd5ee0bf6b8766193ce83ae.js]
[js.rbxcdn.com/cdb7121274c47696b7875d463aed9ebc8c326e666ab3f5dfabec9bea873c3171.js]
[js.rbxcdn.com/fb2486d6bb6eb130b645cd0c73d6aa1ac17fc1474659936abeec87575063c52d.js]
[js.rbxcdn.com/a2ead687482159cf0d72219853ef73db330377ff23bad5feaebe158f914fd0ac.js]
[js.rbxcdn.com/925f005a3f12f490398629f07657ff262e88f6e0f83994b4cb4c519757f5e78b.js]
[js.rbxcdn.com/dea5c6984790c09c6aacf9e31fbd34d71021c062ecb07b7b4bc327bd1a7031aa.js]
[js.rbxcdn.com/f37b2096e26d78aaf64b063195649475c98e4267ccc2427a0aac10128a338c85.js]
[js.rbxcdn.com/7b5faa2dbb1e4490ec525a0d62520553857ce2f852661bfba24032fc7d630fbd.js]
[js.rbxcdn.com/15810174fb03e738158f354091597831f99ebf559d905786758f563c0dac16f1.js]
[js.rbxcdn.com/b8c1a90be40d3d311cc3d86a76918faeafb0e36c63a60a09c1098b82e1462f52.js]
[js.rbxcdn.com/4dba1edf1c33f20734999f63da7c3ace34eb02935252bafcedfb2ddb729bb6be.js]
[js.rbxcdn.com/5db52cbc9413368076fa6911e5297c6d691625fd5a4c7703c1b9fcad3ad0959f.js]
[js.rbxcdn.com/bddfe84b906170db3a31044251f2ce5c006688e30e25f05ba6199d149798c13f.js]
[js.rbxcdn.com/50a1ff0d80f2bc9e9d42027c15566625002343769db4d87f0b4362a7a943bd73.js]
[js.rbxcdn.com/3f8be1eeabc3416dc24d9771382fa2c8ef5e9e536922c758048687223cc3a663.js]
[js.rbxcdn.com/cd6aeb1793fbdc2a18b80fcfa79e3367008633a7a5eb0cb307c96d7fc28be58c.js]
[js.rbxcdn.com/f7b5881f701f46461af2069b0617bb0f779b5f3fb1916261528aa261e9c19fd8.js]
[js.rbxcdn.com/3aa9953250d05d1ecee833cc7dca6fcb36cd467c49c2a25005b6a5addb7129fe.js]
[js.rbxcdn.com/eb9c7f252d24b86a504e1048a89d7e03b2718523e472d96e9faed8e4d93e1da0.js]
[js.rbxcdn.com/13448226e49582dfaa133a5dac5bc5afe7fb03774e30fea32358d5265036394d.js]
[js.rbxcdn.com/2f6211ec860a7fe1c8bc9a997433ddd126b7943cfe8b89a6c7dc91b9f1810c52.js]
[js.rbxcdn.com/3f5c1d9923dc1cc162e895ad523d6bb7e3f24a3d4afc7529f8a82d6e50a1c945.js]
[js.rbxcdn.com/01ebdc99b60791ddfcfe8ea1c55f4b2651749d807ffe295824153b17b72a9aff.js]
[js.rbxcdn.com/24cc40670ca329a80c1e565cc05047acdf8b3b6b0ab1ada42ada3a3fb371c0a3.js]
[js.rbxcdn.com/63bbfc85b308b7230a1ce825f24fe57e0a6dd9e586e6b1237a0c8d952f61106f.js]
[js.rbxcdn.com/f2692aeeeec426bd878101f711e46dbddcf46abcc7d89a1e67d0926cf329c6b0.js]
[js.rbxcdn.com/48864184cf646544683d4deff977db892c08188c2f28b088c00dffd7f605b976.js]
[js.rbxcdn.com/17719d3438c7b9384b9dbf3fcef407dfb6292370de8e18d5dc228c082f2b4a95.js]
[js.rbxcdn.com/e115cc88d18c2a445037b00e16a640990e56f5889f2e6b81111da2835dbd38b2.js]
[js.rbxcdn.com/e0d8e61a21736c6f348976bf36613b62dd2efd8d2c20c266105c77303322f147.js]
[js.rbxcdn.com/39c7e9b6b990c9188dc3611750db300675aac368efafff5c52b9423a44472664.js]
[js.rbxcdn.com/4c148a699c6cd3f92b6a14130042f4be5a37b17dc5a0eb3293a186c73199102d.js]
[js.rbxcdn.com/4975fd0e586c9caf2313ebec5619d9c1ffd309986ab12ed1ab54c0bfb6ca0b84.js]
[js.rbxcdn.com/a268514b9932ab5bbe331ea2a2cbae17bfbf98df5f20c151de23cd30a41846ff.js]
[js.rbxcdn.com/61e86a478c851913b9487ff344fbc4e166df0d27dfd921091ce4ff9a397e4135.js]
[js.rbxcdn.com/618c7ed3529a34e45a95f87859d6b8d91c053a690ca81c2befe6ee3e6c6fd694.js]
[js.rbxcdn.com/037b215e645b0c3aca94c40593fa77652f873bdccf049c1072ca9d3917fa7b5a.js]
[js.rbxcdn.com/7e530849d54cc6afe10b07f3f1b88e05cbc15bdaec396b290662b43e06d6a0d9.js]
[www.roblox.com/pt.html]
[js.rbxcdn.com/2e12ec77f89d716c1ef48d5124e1fbde.js]
[js.rbxcdn.com/d7056cdbd083752348745d8880166ee8bb9237d3030c7bdbcf32853d1fc6c530.js]
[js.rbxcdn.com/de78a2f2e0bc4dcbba7275079cb79ec43ffc6a3d5cac92f1dd34289f337c551b.js]
[js.rbxcdn.com/b5938b46c7f6394412838a694b6e6faf.js]
[js.rbxcdn.com/f72016f2a0cb928f61a1f5cc687151e5d8b325f98c974f3b5e6eae28cddfd090.js]
[js.rbxcdn.com/6398ed9b14dfdc95f123d8f0b1635f1875d523159fb10d1b3b9e85a6ce1f671a.js]
[js.rbxcdn.com/48c37d6dfbf7b5242d1028961486ad0e7b46b2f2ddf67edcb852a627ff93f47b.js]
[js.rbxcdn.com/c8c0d29cb65f103928cdfe2c7d7f0c18f4aa479be740d12a0fe6d51e8a336af8.js]
[js.rbxcdn.com/0bae2836dbd73c216db1146878672aaa6130cddc20a52a79dda9d29b162c9497.js]
[js.rbxcdn.com/88c8b2aacc6767d530577b6dfcfe8dc718ab9dc177bdac68be16c12db45e54c9.js]
[js.rbxcdn.com/95cf41550b7ec508ea81d86792399f96f68f53615b3f4bcba52e681a00c6c66d.js]
[js.rbxcdn.com/f851fed85d0146b2dd2c4cc52bfeb485c799fcf8ba0f26b7f688dc4ebce97b33.js]
[js.rbxcdn.com/8390060616b4a43f158ef95bb4e62ca538e9f9b045f795bd404afa9f69161dd8.js]
[js.rbxcdn.com/a69afc9c3b52b2c2496da62fba729b46f9d7ffdbec30aefb89b46172d3313f04.js]
[js.rbxcdn.com/5e5b4c5436711277f47a066829a998de436687e0c12917a3d81ccf30d860fd25.js]
[js.rbxcdn.com/599ef61a37bdd6df50d707f61878f63c226d080a7dcd4360d4c769c688aa0a4a.js]
[js.rbxcdn.com/1d209b159810149ac26fd32bdc98ff8256acee29f0cdbe91003d7541ad5b0a7d.js]
[js.rbxcdn.com/bef86aa6fd4f8d3b699eebdf89d330a6c785492b3d84f7a6f98a7a7edb1a9e11.js]
[js.rbxcdn.com/a997da6d214e54d59b918e90930705f7c551122dd4dc90d546ba7cd5e7a0efa1.js]
[js.rbxcdn.com/cb878bee79b468e56f502d8867a0477e5107925dcf38e62b11106872f9872b5c.js]
[js.rbxcdn.com/a1b7e7d1290a2469e43ea96427b12ecb8aead6aa9afc38f23c3d05bd95df997a.js]
[js.rbxcdn.com/39c1fc278beb122b3ab0e18ead8bfe47cbb1449c043a2d24b9cb0554db307ac6.js]
[js.rbxcdn.com/90b0b56d61ee62bc8724bb1aea7c1c8b2e7cc8f778a8d3b19116de503ae686eb.js]
[js.rbxcdn.com/f62c18388d93c8a0395ec3651913e150150bc6da7c0ab9366d4f4c5bf26d9897.js]
[js.rbxcdn.com/bc78e312608c30a842dc31d12b63d0e1e8567a859c7d2148a5004b6da2688380.js]
[js.rbxcdn.com/7cafc010fa2505f7d48ba7d27e986964eb3cc576b485e67515a7f699784af0b7.js]
[js.rbxcdn.com/836a982a8811c2fdecf7a23a56924df1e5d539ed89e8d8d034a1b7a00a7928c6.js]
[js.rbxcdn.com/5860c984127353ec356d0a6bc2f7eaa2ffbe1cfe738d7aca92635332ba42ae9d.js]
[js.rbxcdn.com/9914b06d5927eca199a432fc8261665b74b05d9fac129b6d9b23797d295fe697.js]
[js.rbxcdn.com/b7355c5b3a13baab25cddf27447ef5926a41a57eb5c8652ead713c6f182f5b92.js]
[js.rbxcdn.com/1b78eb36cde420e5dc1ff68810760962449c7376e13ad56bdfd724907d41419c.js]
[js.rbxcdn.com/08d9d121440c9cef593b876e392bc5ff1b042af86f5c531cc69ee3e32b3e4b90.js]
[js.rbxcdn.com/2085e55164815cac49db29adbd4cc27a51880aeab341029f6c6ae7403188379f.js]
[js.rbxcdn.com/960df6c7489501f8b78a9eb95011d7b76d277ab6de3747786e18a5211cedb2bf.js]
[js.rbxcdn.com/19c2ba7fd447f559c05b1bf43ff7a7602af82dc48841e4891d4f715b4d49f0b0.js]
[js.rbxcdn.com/5c82869760ff0f3a66694aed57da7d64807379e5741c913d275b38b276e96558.js]
[js.rbxcdn.com/e805f6ba3bced315fc0870cad58ced268afa24cdc25ea745367a386e1fd912b4.js]
[js.rbxcdn.com/ede19a51549623c0eb64ab85322916f7a975be7465b0c7a168ea62db7e793ac9.js]
[js.rbxcdn.com/3418507352af71031aff513a1ab9db2e146780f88b1f60e9f00880448b7c5d00.js]
[js.rbxcdn.com/b147dc5a612bb34e580e5d42b2732ae8dcb809bf7058ecdf8aa82bb08fad88ac.js]
[js.rbxcdn.com/018adf73ed5eceee5c14d488c749f6dba734aae4c7d5f84419bcb60aec54310b.js]
[js.rbxcdn.com/6d06c470b337ce98c40105bb9ef957b80f69bbf5c2cdeded4c4dda3456364f28.js]
[js.rbxcdn.com/bfe4a0c2c86f11d19ff6b427a8afb95adc7624cdb6a678a185df050918ece822.js]
[js.rbxcdn.com/fc824af85c9169931669cb8257758bd618a274947133cdff06e9caede4bc5f62.js]
[js.rbxcdn.com/1f2d9c08d248a8b6d949ee21b7136ae68159503736a120898859e719d9811867.js]
[js.rbxcdn.com/2a900c019246fa6b8c0e4cff6348121f61302b496863752b1a26dbba4a329ecf.js]
[js.rbxcdn.com/a9383b3a472b36233a858a16946ec046ac3ba28c4f1248943cc8e3b08bb1c1f4.js]
[www.roblox.com/th.html]
[js.rbxcdn.com/509a7959884b2c425788edc98969f8a7.js]
[js.rbxcdn.com/8bf18513a8b088ffb324e014ffb5293e1885592bce6992b471b3c75fe111e3b1.js]
[js.rbxcdn.com/0b37ee5a3a9ed172df7c5fc5860a42f4030e274fa0a39dd254bf238998d23772.js]
[js.rbxcdn.com/939061351f13662a5bf46b47395fd559.js]
[js.rbxcdn.com/bb19817f3e135c99dd0d9414dbb8132e36e4e3a9be3d1a3276dae3b26a1e1b36.js]
[js.rbxcdn.com/37480cdd7da3846c3c0a0d5e15b9aca0c552b43329160db7cd8a099e4bd1acb7.js]
[js.rbxcdn.com/e4ac47295936f26ef55faf64a2acb47d0def0b7812517c18b437bb202035b77e.js]
[js.rbxcdn.com/4fcc84518ffc09cd2d96a2424b4cac460bb013b93bd1286a7ab4cb8b5ceb3321.js]
[js.rbxcdn.com/fe8f06e2dabf2c4e7f9207d39c61fb98b63c14695998f4b8be78be763b2cd698.js]
[js.rbxcdn.com/ebaf36cc06d371e172b905cde0b3eaccfa4a7ded122aaf3a8d49d6fb7d5041f9.js]
[js.rbxcdn.com/f9974a272d0480ff35b74586be2d96ae66f53427d59979677f10d45b4a9a5f3f.js]
[js.rbxcdn.com/570849cc89c05f429d67743bb006d29df8d0acfc58a7c1f2dfbc5da9eff7a89b.js]
[js.rbxcdn.com/1a2057a9580851d6ab2648e4985205cc864b0bb47156fd7dd2e93c783b5cfdc7.js]
[js.rbxcdn.com/288af432c27472ad5d9e35f8e03725fc3499e5facc25d27c9e05ade7f226531e.js]
[js.rbxcdn.com/2c0abe4c67756a02500262f541a748af5a12ab854e5671d6d8f6ad92050efb16.js]
[js.rbxcdn.com/98fab217a32c0767f10fe448f4b4abba61157a6f88516efb4b592fdbf4fd6506.js]
[js.rbxcdn.com/f892c9481a3c6fb092a63c347cef42de7796591a6737a904dbc1f519d1fccc2c.js]
[js.rbxcdn.com/c537906a6919f841cf6af4f96f9c23f1170eb44b3406726f6f714b53cb921dd6.js]
[js.rbxcdn.com/2d89d6ce2f226a4025197a5cea6b6a3fdbcba43b524ecbbcc28b65c2cb04c56e.js]
[js.rbxcdn.com/c71d31504dd3988ef3846e7283c77afa6825d9590f3e4038bab156a234875cb9.js]
[js.rbxcdn.com/96b6e2485e9fa5356dbb804a709cfe2bbd4a265f7c9e3290fcd07aebd8c46280.js]
[js.rbxcdn.com/3159de689c088251cdfb488930bea8c6f7948cd9c1be98581e17f71dc54d599f.js]
[js.rbxcdn.com/2e6293168b029a48178a964758cec4cad2d0e5bb51383d92eb2efedee0f23764.js]
[js.rbxcdn.com/0c31146d7204919a4dfb290a50ea1713daf3e2730f9cde9996727345ddfd4f11.js]
[js.rbxcdn.com/50ee301540244ba0fe29e1a3142ff1653af0c60f63b8724b7290c6d6c00932be.js]
[js.rbxcdn.com/05bfc00862ada22834158d3a8811274460073e0eb48cbf22431f651a6c83369f.js]
[js.rbxcdn.com/93a7e329f4b8e007d4147c129da56ffe6a822504f380862380df715f30129817.js]
[js.rbxcdn.com/2702eef7262ce15c7bb4d93f2c70f2835fcb66e4a4a15ab4f8f82ce819be0bd3.js]
[js.rbxcdn.com/7e8bb5c0f6dbf58f3c47a4d191a12c29c5678cb3811db6456d02872a00adade6.js]
[js.rbxcdn.com/6a992f7ccddb4a07642b2db7949143c307e376f36e925fccd4ecf286e63718e6.js]
[js.rbxcdn.com/fbf5e9e32125751a1fd23a55babb5340c9ac2c4ea8fa6b4be760da75cc14b0f8.js]
[js.rbxcdn.com/d9de22ec14fa11a40c301fa2308f282d9de0abbe41f57b597abca693561d83ec.js]
[js.rbxcdn.com/835dbbdd3565a9c534dedfcc1987a84bc30c9c81a9e5ec0d6b43b1dad9db0406.js]
[js.rbxcdn.com/3a2341bc830f9a4a4e7f74e0fd34645e9d9dffbdb03a70d4e987954887eb9f95.js]
[js.rbxcdn.com/1deae0c3bae24edba561bdabab79edf7d6f52a5fee04034fafb7a87a38069098.js]
[js.rbxcdn.com/dc3cff4785be6df76edf8f28718aaa3da0aaede93616afeea37e901c99b4a604.js]
[js.rbxcdn.com/50979c83c7f52427f14f731ed529302d9059015b1661354cf80771fe7947eb6b.js]
[js.rbxcdn.com/8f64689c895fcafb8292dcf741762192e39bfacbcef82219f79fe684bcabbf59.js]
[js.rbxcdn.com/758e81af3da1de675479b74eccb93905823e1847ade213bda8c8bdc81d40ef38.js]
[js.rbxcdn.com/0202c2d581d9e18ece4ad1a76ca7c4d25db4683a33c1f8f7b3d9628e892deeb8.js]
[js.rbxcdn.com/d1b1054519e8118d5c7b036ff73d1af2f2508f875240e5f6e17b1a66646570c2.js]
[js.rbxcdn.com/6b6a9766b1da79b563603535a577b7175a395cc0818a18399f11ba3dab0fa4ee.js]
[js.rbxcdn.com/60fdd9fbc93373530f25f9615969fe33716d17225d5bcc49f70ce900cd790333.js]
[js.rbxcdn.com/4234c4da9219d2dd0d3d65178689165540f9139cbfb0a0e62cf036fd77f0ef71.js]
[js.rbxcdn.com/ea852990697cd718732b49b7e8c4906a1f9fdc8feb9d1573e052f9f0596b8d1d.js]
[js.rbxcdn.com/0721f5f60898438da4741ad456d454a8eaabcfbd2da0e9553995a2db69dc731c.js]
[js.rbxcdn.com/3970de7cfb2921cb8c5153fdc7b8eadf94bb148ea717372b11708ca6354f95e9.js]
[www.roblox.com/tr.html]
[js.rbxcdn.com/d46e554681663286ae2d692b3cc3add9.js]
[js.rbxcdn.com/4df9bff0a95383269c0037f3d3ef51007d87e0cce9d2eda23489fe0811b594c7.js]
[js.rbxcdn.com/5924f55e48a4ca32978177c4b8046f46af527789c70ff6ffb3412bba2d944101.js]
[js.rbxcdn.com/cb092b0fcb47288932dd4e47a41341ed.js]
[js.rbxcdn.com/731d7758a7ba786b702aafcdeb044958b7cfa1e2d382874f0964c1c8c5371c51.js]
[js.rbxcdn.com/01b1bd93c3dcfbe233b5c85829e4dad3d08f985f777c56b2f106bd817160616d.js]
[js.rbxcdn.com/5b80a57c6f3125eef185e49d9fb0a49c77c817017f12a31ba66edf4e716c5e9c.js]
[js.rbxcdn.com/01658a6aa07da7dc79256b5d5391484ff5a858e402232814502bc1ac35dbdf3e.js]
[js.rbxcdn.com/163cf1ca7b517014fd5195f3e09950bae3fd36a178dc4e30d68d6ef499ff34c8.js]
[js.rbxcdn.com/f9a3555c7cb1a279ed138805305cfa848d279c0f49c95ad006016b2ad1b5927c.js]
[js.rbxcdn.com/03229119eb6d683e1f5a36357135cc7ca32adfaa9886e17554a1d8e90d4f18d6.js]
[js.rbxcdn.com/3072915dca54e825bebe8071c31ceb7f09610e673aa4fbeb94d7d8c55840cc9c.js]
[js.rbxcdn.com/7200e8ce36278f3f280275b4dc44db63bca8c5ade64f5db33e55f4a59b5c52a4.js]
[js.rbxcdn.com/52608212a257d0d1c6303ee19c7120a5d32879db7c5c3b8589a982d931085961.js]
[js.rbxcdn.com/d19f83199047f678ec4be439fbd518b19ffa8f9a64e74eb12c806cdcd53307a1.js]
[js.rbxcdn.com/534dc5c74f6fdb72dda81977faabefcd86d21e28e5016281eb49f06112a3a4fb.js]
[js.rbxcdn.com/210e9eb9689202f6b512302d94347c94466418b9931d45c9b6ed6d15888b2774.js]
[js.rbxcdn.com/a16a18b9b78028ebff5acaa7631f44ee83b503cd6a7b989adc17bbec359cd715.js]
[js.rbxcdn.com/f17ce49c8fa89e84f798a79898430610671c1b341719c520bc808e7e50ba905c.js]
[js.rbxcdn.com/2266f0caf1ade6ee0ebe5680d051e97a34eba7ecc9be85b533c757105fc37e53.js]
[js.rbxcdn.com/10d26ba6af118c62ef564f5998930236637d83d507fc6b451021b5f598368b80.js]
[js.rbxcdn.com/3560edb55ff816b777a0c43152f853a9197f8ff67ed9fa0cea30b8058b3f7f04.js]
[js.rbxcdn.com/750708d8cbad6fcfe0bc8ba382259cf7452625c8daeeac10ef18f8975e665a5f.js]
[js.rbxcdn.com/531f483d8287412a3f5cc3ada8e406b0d7b6056c1207d696acf32878d6b464bc.js]
[js.rbxcdn.com/f15f102c53bda0f58a9d7077191e51099c7dd667ae1bfffdf8bb1daea8fb2969.js]
[js.rbxcdn.com/ea1dcc6fd175c46258494ce2f9d1ceb6ea28ad26dceab166f417d48ccb902f24.js]
[js.rbxcdn.com/faa2df5ef82fbe113738f407e899007ee2e9f6dc6ed572fca784f89e6c399be6.js]
[js.rbxcdn.com/a1f1a41f825392af94f386cb1b11700a6995fb1a9a2cce2bdb75d8e50e038106.js]
[js.rbxcdn.com/bb5e05326b93809b77cc03af9a3dcb809240cb4f1c4633bb2ee7d194c5f28d64.js]
[js.rbxcdn.com/333422c4a05389de38c58761a8f7fdc0d411c737eaeebe2b3e5889b8cba1aca8.js]
[js.rbxcdn.com/7748552d92a41e82b44d22dffca2cfe490db0a1e9a542c7bd3be0ceff97cb526.js]
[js.rbxcdn.com/943ea543f6de5840a0ff4f9ca0dad270bf78177857703a3529260b0d2626abc9.js]
[js.rbxcdn.com/b9541c62f4fd0b5871118f6fcfbd5d6d3d10f8a5793dfd3f154d1c3b57a6a882.js]
[js.rbxcdn.com/7a7f211389cf78b3fe2fac90cb59bd5af6378f844ceddb86ce16f6bb324296fa.js]
[js.rbxcdn.com/eae004a7a81a5a818ecbf240337a571e5faec92ea0aaa3653a21b1a551896ed5.js]
[js.rbxcdn.com/9abe9f933e06c4ee7d2b78b86626ef3a54fcb282d5dd0123fd6d1260d2b1e675.js]
[js.rbxcdn.com/f89c67cbd56da7aaa5db336ffa771d091dec0b17d9d500a62fc168d26cb00bcb.js]
[js.rbxcdn.com/c8a1948263e375ac2ab54f72a16f324ae1e262f100667ff99fa7663d50221234.js]
[js.rbxcdn.com/271a5141c0d1a50b543dda2034607ebf04f8c973b1c9f3f9c07e220b78eef81a.js]
[js.rbxcdn.com/e2e448ff8bc397e5b7c85c0e4d743a638fa1ebefc073c62c9551f88e5954ea7d.js]
[js.rbxcdn.com/ea9ef50d67fa3abb3e39b5f97073c4b610b178c53e45ac331ca09e9e05f70149.js]
[js.rbxcdn.com/4a39601898878b508e5f8c8f2651c26e9b036916e66e158f1eb4f56b64379deb.js]
[js.rbxcdn.com/6fe610a33eb281ddc4d0dc2d6ae3c2873358f0de8936cd91d7b19fe57faa8cbb.js]
[js.rbxcdn.com/0c42e696ee1a44f1dcd79934c89c69b5c4870f8ffc0e3112b1d348a840c3a335.js]
[js.rbxcdn.com/b0b4b7bea04f8cdc831d6d31806fd20567204ada3b8453185c34da85417f118e.js]
[js.rbxcdn.com/f243c2eb0f7d3cf37a78b5f8511d9d75e944a7056d676567fad98d9bd0993981.js]
[js.rbxcdn.com/cd402526f7b31645196f4011ade64e616e35e194829031c41dbf746fb873a236.js]
[www.roblox.com/vi.html]
[js.rbxcdn.com/96844a323dbaca2de93fd72ed58e0170.js]
[js.rbxcdn.com/ae5114ee8030d52990db0a2ca57a8f9b.js]
[js.rbxcdn.com/0daebb10ea958a9e965569264431f675cce7d66d23bb4cc60df64aeaf2f4b608.js]
[js.rbxcdn.com/b87a2ae31d0e8b8d43f62ac312c6f603fc129382a37a7213a88646635093dac7.js]
[js.rbxcdn.com/c0449a3dcb756b0940b3d33d5ce28b448cd9f018904c1b1417ce58d7b6fa90ea.js]
[js.rbxcdn.com/6f8cf16baa3dd1da5c60c90106b7b5ee8e311a8eb0ffbaa69671b519080e6385.js]
[js.rbxcdn.com/b09c27e25cd939fa1c9dcb7cf2f4f9aee2c0dd3f7aaff92adf5c33914297369f.js]
[js.rbxcdn.com/e8e5f74c07bb5f8b3c6eae19b6ec37a3617113772b3568a613c4fbd4f11e219a.js]
[js.rbxcdn.com/e1f8cf6c35449758c29b9717665d0acef7fed0f0075a54943889e3968e4a53a5.js]
[js.rbxcdn.com/859fd3b087215b62114715437b5c8a1d2b025f3af36863d12442e1a31460df1b.js]
[js.rbxcdn.com/39e76f707841f68af1f868e365f3d1606d176ccac1a1b25bf57dd2f505b7c678.js]
[js.rbxcdn.com/74fe12b94748bc524d36e1faa352d333434c095746a8ad577b358acb53297da8.js]
[js.rbxcdn.com/ff43873338dbac0d37f082bb2e2aeed2c65b0bcef8908b974a59d5b40f58f9e0.js]
[js.rbxcdn.com/e82f1743d2d8718b1f814b9e0b31fbd2cc21aae1a2e1e9118a3eb9758157db77.js]
[js.rbxcdn.com/bc61cf80a676fc253151f52480405871891d50f28299c2208776a0d8dc02579f.js]
[js.rbxcdn.com/9441fc65a8bbebb3ac7980ba470ccdddef78f555dee09399b89e2487d7538303.js]
[js.rbxcdn.com/60a6e45ffc350f6c2e2e335e920a86430b79e50116db7ce36abb8ea093054c93.js]
[js.rbxcdn.com/60ceb7caf733cd7f04053a2201dbc40d2dda3837ffd4fad520dd2def6c5a3589.js]
[js.rbxcdn.com/7a5550491391e4960150d86e54dfe752fd72a3eb642110f9a62e602ebd364bb6.js]
[js.rbxcdn.com/ed6fe73d666c6c1f1bb9ab14a644c4e606b17a12e2f17543a4fb508a0495cd36.js]
[js.rbxcdn.com/b27019cdef077eca246c759044f8795519be07c08bb29874bda12a9b081f429a.js]
[js.rbxcdn.com/2b95f41697f9e948b19e98bdc8c33f88b48d29784f8e3c556e53750305988f83.js]
[js.rbxcdn.com/28ca2c04585456a6131476c0c1627c4ad75e42a585191b09c8f96c3392805719.js]
[js.rbxcdn.com/1642e80071272eda171b12caebdceba61bdb59024c551e8775c92460a2e67a93.js]
[js.rbxcdn.com/c538428aee483be8c1fc791d4573f844b6d8f0fe62e3d4f53a06239cc36b9551.js]
[js.rbxcdn.com/c10f08dcc91b9db65dbc85e1b6414ec76c044113d03e712ac382b73026f0abfd.js]
[js.rbxcdn.com/236be00585a7665a1026650bc5920b06b5313606ad2361d4bc1f4f696474de9f.js]
[js.rbxcdn.com/098f22f75fa14832a0f231ff0108a669dc15bb5197361e6c4a5682ad794a424e.js]
[js.rbxcdn.com/55f50695272a06cf09ff1308a910660b71dd88401f4311461c249fbf1afcf063.js]
[js.rbxcdn.com/d2e6498c9d7eae2c13ecaf905789c819975032c74e1a8547fa3aa66993dc8c4b.js]
[js.rbxcdn.com/e4d3ad371ddfa1153f79f7209897a7616c540bfaed91eff4d282a47690ab33fd.js]
[js.rbxcdn.com/b1a82d714c76d9666217707cd3d960e75a750249dc6ca8183d03a1a2587d9fb2.js]
[js.rbxcdn.com/b1fd6596a70e826827e4915c59569fec44a64e4db01c33ab644f0d95a8e5ae34.js]
[js.rbxcdn.com/9b8961b96cdfe17b55286a4065faeaa688ad1d1b74f461606829a09a8da84be8.js]
[js.rbxcdn.com/099521a47c28c0ece67b4fdd2eca836b854b48032a79a2a1a6da80278149f951.js]
[js.rbxcdn.com/39f574686b955d4ad2940ea97f098b4bc60214919238063500e0b7a37a5f5767.js]
[js.rbxcdn.com/26adbc0ae8223c3df03d885a3cf4433482264cb421c5ef107f6782bf82097302.js]
[js.rbxcdn.com/5fc54c3e6aecb8ec273fb92bc2588e8f6d91c90a019df10fdb966a4767fe5b19.js]
[js.rbxcdn.com/c1f3807537e492404b5744dd86e5a0b11d9e749fe8b6b33527c10897b4b9afa7.js]
[js.rbxcdn.com/e63e0d8080e7029ba2360dbda4a873672818caa31222982381b0115ddfca3312.js]
[js.rbxcdn.com/e370a841740fda675ae6d1390299c9a03ddef79afefabfc0a06ae4b731bdffe3.js]
[js.rbxcdn.com/593fadb9f6fd870fc34a1cd13a78249e11293faa786fb489de2997c980fe044d.js]
[js.rbxcdn.com/9e4ad8841e191263a5a5351828faad5aef5dc43d8cfa96ff405d315764dd2e5b.js]
[js.rbxcdn.com/9b031f9d50f4987002fed6110bde4c595f9ef31f43c85d81a60b7db9b3e2e4c7.js]
[js.rbxcdn.com/222676954b7d9ea7b61cceec68f46271f0c6d71152536d544ea7b95cece7469a.js]
[js.rbxcdn.com/d284eba41eb6cc34124142e3cfd3b6f2589a31c7009f42415c69a2143ec75215.js]
[js.rbxcdn.com/26ec69e1ef5133af3431699d01a9e5274c642b53c5af293d5323a7f8970517f6.js]
[www.roblox.com/ar.html]
[js.rbxcdn.com/fc27c2b8fc20a0aaef53b2e120331496.js]
[images.rbxcdn.com/cb04de555d30ed7594e36da2754cc2b1-parent-email-dark.png]
[css.rbxcdn.com/9efc74e20b0735025990b89e70c22857c647df5879703815d5d11b9ae6f6aaee.css]
[css.rbxcdn.com/978a01a00b451c0b6a5395b76d4d864b3b581b40bff1a9da1bab9b50fb24d979.css]
[images.rbxcdn.com/f9fb88b3ba10f8d54b4cd0458fbf20f2-classind_10.png]
[css.rbxcdn.com/a7071be77b2f285d1b4e1b84ca4b1b146f5fcbeaaafb78a4150475a23b82aa8c.css]
[css.rbxcdn.com/bc981bafa6b0a52c86d071d1f81b24168a8dd92e72b8ac52d37cb46bf8bd8c42.css]
[css.rbxcdn.com/7dfc7837b5da6850e13413c630b37da7e88aeb610ca2c7d4e8b71b02cbdc6ba6.css]
[css.rbxcdn.com/3c4bd9b17b9020d9ebc87d4542a68a949a9de6150a55a92f0e65514520ee777e.css]
[images.rbxcdn.com/1081a7ee689c21130c51515c4f404fb9-moneystack.png]
[css.rbxcdn.com/1b6cc6d0699561a61e37bae3b8fa07ac5698c5c41c8375ac4f907e189be90232.css]
[images.rbxcdn.com/1bcca464c2031dbd7afc2f89aef781da-shield.png]
[css.rbxcdn.com/3bca47a98d58fdf98a7063c4f3b390671e5326ed559813887f3945876c997da6.css]
[css.rbxcdn.com/d45e200658a1343116bbf4a88c367d093758085e7d001918d641c85b2143468f.css]
[css.rbxcdn.com/c5373f0dced8d7be7bb3ad1b978fb8af776157fcc41ad3d5c92d725063c2e6e1.css]
[css.rbxcdn.com/d5a3728b78be729b693aadf79a1f45f0fa49c15fe863a0d7dd631b75f9e82207.css]
[ecsv2.roblox.com/www/e.png]
